[2023-09-22T16:52:39.923+0000] {logging_mixin.py:149} WARNING - /home/***/.local/lib/python3.9/site-packages/***/utils/sqlalchemy.py:124 DeprecationWarning: The sql_alchemy_conn option in [core] has been moved to the sql_alchemy_conn option in [database] - the old setting has been used, but please update your config.
[2023-09-22T16:52:40.171+0000] {taskinstance.py:1125} INFO - Dependencies all met for dep_context=non-requeueable deps ti=<TaskInstance: dag_with_taskflow_api_v02.greet scheduled__2021-11-17T00:00:00+00:00 [queued]>
[2023-09-22T16:52:40.206+0000] {taskinstance.py:1125} INFO - Dependencies all met for dep_context=requeueable deps ti=<TaskInstance: dag_with_taskflow_api_v02.greet scheduled__2021-11-17T00:00:00+00:00 [queued]>
[2023-09-22T16:52:40.207+0000] {taskinstance.py:1331} INFO - Starting attempt 1 of 6
[2023-09-22T16:52:40.244+0000] {taskinstance.py:1350} INFO - Executing <Task(_PythonDecoratedOperator): greet> on 2021-11-17 00:00:00+00:00
[2023-09-22T16:52:40.276+0000] {standard_task_runner.py:57} INFO - Started process 618 to run task
[2023-09-22T16:52:40.305+0000] {standard_task_runner.py:84} INFO - Running: ['***', 'tasks', 'run', 'dag_with_taskflow_api_v02', 'greet', 'scheduled__2021-11-17T00:00:00+00:00', '--job-id', '168', '--raw', '--subdir', 'DAGS_FOLDER/test2.py', '--cfg-path', '/tmp/tmp4suig9aa']
[2023-09-22T16:52:40.329+0000] {standard_task_runner.py:85} INFO - Job 168: Subtask greet
[2023-09-22T16:52:40.385+0000] {logging_mixin.py:149} WARNING - /home/***/.local/lib/python3.9/site-packages/***/settings.py:188 DeprecationWarning: The sql_alchemy_conn option in [core] has been moved to the sql_alchemy_conn option in [database] - the old setting has been used, but please update your config.
[2023-09-22T16:52:40.546+0000] {task_command.py:410} INFO - Running <TaskInstance: dag_with_taskflow_api_v02.greet scheduled__2021-11-17T00:00:00+00:00 [running]> on host 75cee4990e54
[2023-09-22T16:52:40.585+0000] {logging_mixin.py:149} WARNING - /home/***/.local/lib/python3.9/site-packages/***/utils/sqlalchemy.py:124 DeprecationWarning: The sql_alchemy_conn option in [core] has been moved to the sql_alchemy_conn option in [database] - the old setting has been used, but please update your config.
[2023-09-22T16:52:46.011+0000] {local_task_job_runner.py:122} ERROR - Received SIGTERM. Terminating subprocesses
[2023-09-22T16:52:46.322+0000] {process_utils.py:131} INFO - Sending Signals.SIGTERM to group 618. PIDs of all processes in the group: [618]
[2023-09-22T16:52:46.516+0000] {process_utils.py:86} INFO - Sending the signal Signals.SIGTERM to group 618
[2023-09-22T16:52:46.427+0000] {taskinstance.py:1568} INFO - Exporting env vars: AIRFLOW_CTX_DAG_OWNER='coder2j' AIRFLOW_CTX_DAG_ID='dag_with_taskflow_api_v02' AIRFLOW_CTX_TASK_ID='greet' AIRFLOW_CTX_EXECUTION_DATE='2021-11-17T00:00:00+00:00' AIRFLOW_CTX_TRY_NUMBER='1' AIRFLOW_CTX_DAG_RUN_ID='scheduled__2021-11-17T00:00:00+00:00'
[2023-09-22T16:52:46.556+0000] {taskinstance.py:1847} ERROR - Task failed with exception
Traceback (most recent call last):
  File "/usr/local/lib/python3.9/logging/__init__.py", line 1087, in emit
    self.flush()
  File "/usr/local/lib/python3.9/logging/__init__.py", line 1067, in flush
    self.stream.flush()
RuntimeError: reentrant call inside <_io.BufferedWriter name='/opt/***/logs/dag_id=dag_with_taskflow_api_v02/run_id=scheduled__2021-11-17T00:00:00+00:00/task_id=greet/attempt=1.log'>

During handling of the above exception, another exception occurred:

Traceback (most recent call last):
  File "/usr/local/lib/python3.9/logging/__init__.py", line 1087, in emit
    self.flush()
  File "/usr/local/lib/python3.9/logging/__init__.py", line 1067, in flush
    self.stream.flush()
RuntimeError: reentrant call inside <_io.BufferedWriter name='/opt/***/logs/dag_id=dag_with_taskflow_api_v02/run_id=scheduled__2021-11-17T00:00:00+00:00/task_id=greet/attempt=1.log'>

During handling of the above exception, another exception occurred:

Traceback (most recent call last):
  File "/usr/local/lib/python3.9/logging/__init__.py", line 1087, in emit
    self.flush()
  File "/usr/local/lib/python3.9/logging/__init__.py", line 1067, in flush
    self.stream.flush()
RuntimeError: reentrant call inside <_io.BufferedWriter name='/opt/***/logs/dag_id=dag_with_taskflow_api_v02/run_id=scheduled__2021-11-17T00:00:00+00:00/task_id=greet/attempt=1.log'>

During handling of the above exception, another exception occurred:

Traceback (most recent call last):
  File "/usr/local/lib/python3.9/logging/__init__.py", line 1087, in emit
    self.flush()
  File "/usr/local/lib/python3.9/logging/__init__.py", line 1067, in flush
    self.stream.flush()
RuntimeError: reentrant call inside <_io.BufferedWriter name='/opt/***/logs/dag_id=dag_with_taskflow_api_v02/run_id=scheduled__2021-11-17T00:00:00+00:00/task_id=greet/attempt=1.log'>

During handling of the above exception, another exception occurred:

Traceback (most recent call last):
  File "/usr/local/lib/python3.9/logging/__init__.py", line 1087, in emit
    self.flush()
  File "/usr/local/lib/python3.9/logging/__init__.py", line 1067, in flush
    self.stream.flush()
RuntimeError: reentrant call inside <_io.BufferedWriter name='/opt/***/logs/dag_id=dag_with_taskflow_api_v02/run_id=scheduled__2021-11-17T00:00:00+00:00/task_id=greet/attempt=1.log'>

During handling of the above exception, another exception occurred:

Traceback (most recent call last):
  File "/usr/local/lib/python3.9/logging/__init__.py", line 1087, in emit
    self.flush()
  File "/usr/local/lib/python3.9/logging/__init__.py", line 1067, in flush
    self.stream.flush()
RuntimeError: reentrant call inside <_io.BufferedWriter name='/opt/***/logs/dag_id=dag_with_taskflow_api_v02/run_id=scheduled__2021-11-17T00:00:00+00:00/task_id=greet/attempt=1.log'>

During handling of the above exception, another exception occurred:

Traceback (most recent call last):
  File "/usr/local/lib/python3.9/logging/__init__.py", line 1087, in emit
    self.flush()
  File "/usr/local/lib/python3.9/logging/__init__.py", line 1067, in flush
    self.stream.flush()
RuntimeError: reentrant call inside <_io.BufferedWriter name='/opt/***/logs/dag_id=dag_with_taskflow_api_v02/run_id=scheduled__2021-11-17T00:00:00+00:00/task_id=greet/attempt=1.log'>

During handling of the above exception, another exception occurred:

Traceback (most recent call last):
  File "/usr/local/lib/python3.9/logging/__init__.py", line 1087, in emit
    self.flush()
  File "/usr/local/lib/python3.9/logging/__init__.py", line 1067, in flush
    self.stream.flush()
RuntimeError: reentrant call inside <_io.BufferedWriter name='/opt/***/logs/dag_id=dag_with_taskflow_api_v02/run_id=scheduled__2021-11-17T00:00:00+00:00/task_id=greet/attempt=1.log'>

During handling of the above exception, another exception occurred:

Traceback (most recent call last):
  File "/usr/local/lib/python3.9/logging/__init__.py", line 1087, in emit
    self.flush()
  File "/usr/local/lib/python3.9/logging/__init__.py", line 1067, in flush
    self.stream.flush()
RuntimeError: reentrant call inside <_io.BufferedWriter name='/opt/***/logs/dag_id=dag_with_taskflow_api_v02/run_id=scheduled__2021-11-17T00:00:00+00:00/task_id=greet/attempt=1.log'>

During handling of the above exception, another exception occurred:

Traceback (most recent call last):
  File "/usr/local/lib/python3.9/logging/__init__.py", line 1087, in emit
    self.flush()
  File "/usr/local/lib/python3.9/logging/__init__.py", line 1067, in flush
    self.stream.flush()
RuntimeError: reentrant call inside <_io.BufferedWriter name='/opt/***/logs/dag_id=dag_with_taskflow_api_v02/run_id=scheduled__2021-11-17T00:00:00+00:00/task_id=greet/attempt=1.log'>

During handling of the above exception, another exception occurred:

Traceback (most recent call last):
  File "/usr/local/lib/python3.9/logging/__init__.py", line 1087, in emit
    self.flush()
  File "/usr/local/lib/python3.9/logging/__init__.py", line 1067, in flush
    self.stream.flush()
RuntimeError: reentrant call inside <_io.BufferedWriter name='/opt/***/logs/dag_id=dag_with_taskflow_api_v02/run_id=scheduled__2021-11-17T00:00:00+00:00/task_id=greet/attempt=1.log'>

During handling of the above exception, another exception occurred:

Traceback (most recent call last):
  File "/usr/local/lib/python3.9/logging/__init__.py", line 1087, in emit
    self.flush()
  File "/usr/local/lib/python3.9/logging/__init__.py", line 1067, in flush
    self.stream.flush()
RuntimeError: reentrant call inside <_io.BufferedWriter name='/opt/***/logs/dag_id=dag_with_taskflow_api_v02/run_id=scheduled__2021-11-17T00:00:00+00:00/task_id=greet/attempt=1.log'>

During handling of the above exception, another exception occurred:

Traceback (most recent call last):
  File "/usr/local/lib/python3.9/logging/__init__.py", line 1087, in emit
    self.flush()
  File "/usr/local/lib/python3.9/logging/__init__.py", line 1067, in flush
    self.stream.flush()
RuntimeError: reentrant call inside <_io.BufferedWriter name='/opt/***/logs/dag_id=dag_with_taskflow_api_v02/run_id=scheduled__2021-11-17T00:00:00+00:00/task_id=greet/attempt=1.log'>

During handling of the above exception, another exception occurred:

Traceback (most recent call last):
  File "/usr/local/lib/python3.9/logging/__init__.py", line 1087, in emit
    self.flush()
  File "/usr/local/lib/python3.9/logging/__init__.py", line 1067, in flush
    self.stream.flush()
RuntimeError: reentrant call inside <_io.BufferedWriter name='/opt/***/logs/dag_id=dag_with_taskflow_api_v02/run_id=scheduled__2021-11-17T00:00:00+00:00/task_id=greet/attempt=1.log'>

During handling of the above exception, another exception occurred:

Traceback (most recent call last):
  File "/usr/local/lib/python3.9/logging/__init__.py", line 1087, in emit
    self.flush()
  File "/usr/local/lib/python3.9/logging/__init__.py", line 1067, in flush
    self.stream.flush()
RuntimeError: reentrant call inside <_io.BufferedWriter name='/opt/***/logs/dag_id=dag_with_taskflow_api_v02/run_id=scheduled__2021-11-17T00:00:00+00:00/task_id=greet/attempt=1.log'>

During handling of the above exception, another exception occurred:

Traceback (most recent call last):
  File "/usr/local/lib/python3.9/logging/__init__.py", line 1087, in emit
    self.flush()
  File "/usr/local/lib/python3.9/logging/__init__.py", line 1067, in flush
    self.stream.flush()
RuntimeError: reentrant call inside <_io.BufferedWriter name='/opt/***/logs/dag_id=dag_with_taskflow_api_v02/run_id=scheduled__2021-11-17T00:00:00+00:00/task_id=greet/attempt=1.log'>

During handling of the above exception, another exception occurred:

Traceback (most recent call last):
  File "/usr/local/lib/python3.9/logging/__init__.py", line 1087, in emit
    self.flush()
  File "/usr/local/lib/python3.9/logging/__init__.py", line 1067, in flush
    self.stream.flush()
RuntimeError: reentrant call inside <_io.BufferedWriter name='/opt/***/logs/dag_id=dag_with_taskflow_api_v02/run_id=scheduled__2021-11-17T00:00:00+00:00/task_id=greet/attempt=1.log'>

During handling of the above exception, another exception occurred:

Traceback (most recent call last):
  File "/usr/local/lib/python3.9/logging/__init__.py", line 1087, in emit
    self.flush()
  File "/usr/local/lib/python3.9/logging/__init__.py", line 1067, in flush
    self.stream.flush()
RuntimeError: reentrant call inside <_io.BufferedWriter name='/opt/***/logs/dag_id=dag_with_taskflow_api_v02/run_id=scheduled__2021-11-17T00:00:00+00:00/task_id=greet/attempt=1.log'>

During handling of the above exception, another exception occurred:

Traceback (most recent call last):
  File "/usr/local/lib/python3.9/logging/__init__.py", line 1087, in emit
    self.flush()
  File "/usr/local/lib/python3.9/logging/__init__.py", line 1067, in flush
    self.stream.flush()
RuntimeError: reentrant call inside <_io.BufferedWriter name='/opt/***/logs/dag_id=dag_with_taskflow_api_v02/run_id=scheduled__2021-11-17T00:00:00+00:00/task_id=greet/attempt=1.log'>

During handling of the above exception, another exception occurred:

Traceback (most recent call last):
  File "/usr/local/lib/python3.9/logging/__init__.py", line 1087, in emit
    self.flush()
  File "/usr/local/lib/python3.9/logging/__init__.py", line 1067, in flush
    self.stream.flush()
RuntimeError: reentrant call inside <_io.BufferedWriter name='/opt/***/logs/dag_id=dag_with_taskflow_api_v02/run_id=scheduled__2021-11-17T00:00:00+00:00/task_id=greet/attempt=1.log'>

During handling of the above exception, another exception occurred:

Traceback (most recent call last):
  File "/usr/local/lib/python3.9/logging/__init__.py", line 1087, in emit
    self.flush()
  File "/usr/local/lib/python3.9/logging/__init__.py", line 1067, in flush
    self.stream.flush()
RuntimeError: reentrant call inside <_io.BufferedWriter name='/opt/***/logs/dag_id=dag_with_taskflow_api_v02/run_id=scheduled__2021-11-17T00:00:00+00:00/task_id=greet/attempt=1.log'>

During handling of the above exception, another exception occurred:

Traceback (most recent call last):
  File "/usr/local/lib/python3.9/logging/__init__.py", line 1087, in emit
    self.flush()
  File "/usr/local/lib/python3.9/logging/__init__.py", line 1067, in flush
    self.stream.flush()
RuntimeError: reentrant call inside <_io.BufferedWriter name='/opt/***/logs/dag_id=dag_with_taskflow_api_v02/run_id=scheduled__2021-11-17T00:00:00+00:00/task_id=greet/attempt=1.log'>

During handling of the above exception, another exception occurred:

Traceback (most recent call last):
  File "/usr/local/lib/python3.9/logging/__init__.py", line 1087, in emit
    self.flush()
  File "/usr/local/lib/python3.9/logging/__init__.py", line 1067, in flush
    self.stream.flush()
RuntimeError: reentrant call inside <_io.BufferedWriter name='/opt/***/logs/dag_id=dag_with_taskflow_api_v02/run_id=scheduled__2021-11-17T00:00:00+00:00/task_id=greet/attempt=1.log'>

During handling of the above exception, another exception occurred:

Traceback (most recent call last):
  File "/usr/local/lib/python3.9/logging/__init__.py", line 1087, in emit
    self.flush()
  File "/usr/local/lib/python3.9/logging/__init__.py", line 1067, in flush
    self.stream.flush()
RuntimeError: reentrant call inside <_io.BufferedWriter name='/opt/***/logs/dag_id=dag_with_taskflow_api_v02/run_id=scheduled__2021-11-17T00:00:00+00:00/task_id=greet/attempt=1.log'>

During handling of the above exception, another exception occurred:

Traceback (most recent call last):
  File "/usr/local/lib/python3.9/logging/__init__.py", line 1087, in emit
    self.flush()
  File "/usr/local/lib/python3.9/logging/__init__.py", line 1067, in flush
    self.stream.flush()
RuntimeError: reentrant call inside <_io.BufferedWriter name='/opt/***/logs/dag_id=dag_with_taskflow_api_v02/run_id=scheduled__2021-11-17T00:00:00+00:00/task_id=greet/attempt=1.log'>

During handling of the above exception, another exception occurred:

Traceback (most recent call last):
  File "/usr/local/lib/python3.9/logging/__init__.py", line 1087, in emit
    self.flush()
  File "/usr/local/lib/python3.9/logging/__init__.py", line 1067, in flush
    self.stream.flush()
RuntimeError: reentrant call inside <_io.BufferedWriter name='/opt/***/logs/dag_id=dag_with_taskflow_api_v02/run_id=scheduled__2021-11-17T00:00:00+00:00/task_id=greet/attempt=1.log'>

During handling of the above exception, another exception occurred:

Traceback (most recent call last):
  File "/usr/local/lib/python3.9/logging/__init__.py", line 1087, in emit
    self.flush()
  File "/usr/local/lib/python3.9/logging/__init__.py", line 1067, in flush
    self.stream.flush()
RuntimeError: reentrant call inside <_io.BufferedWriter name='/opt/***/logs/dag_id=dag_with_taskflow_api_v02/run_id=scheduled__2021-11-17T00:00:00+00:00/task_id=greet/attempt=1.log'>

During handling of the above exception, another exception occurred:

Traceback (most recent call last):
  File "/usr/local/lib/python3.9/logging/__init__.py", line 1087, in emit
    self.flush()
  File "/usr/local/lib/python3.9/logging/__init__.py", line 1067, in flush
    self.stream.flush()
RuntimeError: reentrant call inside <_io.BufferedWriter name='/opt/***/logs/dag_id=dag_with_taskflow_api_v02/run_id=scheduled__2021-11-17T00:00:00+00:00/task_id=greet/attempt=1.log'>

During handling of the above exception, another exception occurred:

Traceback (most recent call last):
  File "/usr/local/lib/python3.9/logging/__init__.py", line 1087, in emit
    self.flush()
  File "/usr/local/lib/python3.9/logging/__init__.py", line 1067, in flush
    self.stream.flush()
RuntimeError: reentrant call inside <_io.BufferedWriter name='/opt/***/logs/dag_id=dag_with_taskflow_api_v02/run_id=scheduled__2021-11-17T00:00:00+00:00/task_id=greet/attempt=1.log'>

During handling of the above exception, another exception occurred:

Traceback (most recent call last):
  File "/usr/local/lib/python3.9/logging/__init__.py", line 1087, in emit
    self.flush()
  File "/usr/local/lib/python3.9/logging/__init__.py", line 1067, in flush
    self.stream.flush()
RuntimeError: reentrant call inside <_io.BufferedWriter name='/opt/***/logs/dag_id=dag_with_taskflow_api_v02/run_id=scheduled__2021-11-17T00:00:00+00:00/task_id=greet/attempt=1.log'>

During handling of the above exception, another exception occurred:

Traceback (most recent call last):
  File "/usr/local/lib/python3.9/logging/__init__.py", line 1087, in emit
    self.flush()
  File "/usr/local/lib/python3.9/logging/__init__.py", line 1067, in flush
    self.stream.flush()
RuntimeError: reentrant call inside <_io.BufferedWriter name='/opt/***/logs/dag_id=dag_with_taskflow_api_v02/run_id=scheduled__2021-11-17T00:00:00+00:00/task_id=greet/attempt=1.log'>

During handling of the above exception, another exception occurred:

Traceback (most recent call last):
  File "/usr/local/lib/python3.9/logging/__init__.py", line 1087, in emit
    self.flush()
  File "/usr/local/lib/python3.9/logging/__init__.py", line 1067, in flush
    self.stream.flush()
RuntimeError: reentrant call inside <_io.BufferedWriter name='/opt/***/logs/dag_id=dag_with_taskflow_api_v02/run_id=scheduled__2021-11-17T00:00:00+00:00/task_id=greet/attempt=1.log'>

During handling of the above exception, another exception occurred:

Traceback (most recent call last):
  File "/usr/local/lib/python3.9/logging/__init__.py", line 1087, in emit
    self.flush()
  File "/usr/local/lib/python3.9/logging/__init__.py", line 1067, in flush
    self.stream.flush()
RuntimeError: reentrant call inside <_io.BufferedWriter name='/opt/***/logs/dag_id=dag_with_taskflow_api_v02/run_id=scheduled__2021-11-17T00:00:00+00:00/task_id=greet/attempt=1.log'>

During handling of the above exception, another exception occurred:

Traceback (most recent call last):
  File "/usr/local/lib/python3.9/logging/__init__.py", line 1087, in emit
    self.flush()
  File "/usr/local/lib/python3.9/logging/__init__.py", line 1067, in flush
    self.stream.flush()
RuntimeError: reentrant call inside <_io.BufferedWriter name='/opt/***/logs/dag_id=dag_with_taskflow_api_v02/run_id=scheduled__2021-11-17T00:00:00+00:00/task_id=greet/attempt=1.log'>

During handling of the above exception, another exception occurred:

Traceback (most recent call last):
  File "/usr/local/lib/python3.9/logging/__init__.py", line 1087, in emit
    self.flush()
  File "/usr/local/lib/python3.9/logging/__init__.py", line 1067, in flush
    self.stream.flush()
RuntimeError: reentrant call inside <_io.BufferedWriter name='/opt/***/logs/dag_id=dag_with_taskflow_api_v02/run_id=scheduled__2021-11-17T00:00:00+00:00/task_id=greet/attempt=1.log'>

During handling of the above exception, another exception occurred:

Traceback (most recent call last):
  File "/usr/local/lib/python3.9/logging/__init__.py", line 1087, in emit
    self.flush()
  File "/usr/local/lib/python3.9/logging/__init__.py", line 1067, in flush
    self.stream.flush()
RuntimeError: reentrant call inside <_io.BufferedWriter name='/opt/***/logs/dag_id=dag_with_taskflow_api_v02/run_id=scheduled__2021-11-17T00:00:00+00:00/task_id=greet/attempt=1.log'>

During handling of the above exception, another exception occurred:

Traceback (most recent call last):
  File "/usr/local/lib/python3.9/logging/__init__.py", line 1087, in emit
    self.flush()
  File "/usr/local/lib/python3.9/logging/__init__.py", line 1067, in flush
    self.stream.flush()
RuntimeError: reentrant call inside <_io.BufferedWriter name='/opt/***/logs/dag_id=dag_with_taskflow_api_v02/run_id=scheduled__2021-11-17T00:00:00+00:00/task_id=greet/attempt=1.log'>

During handling of the above exception, another exception occurred:

Traceback (most recent call last):
  File "/usr/local/lib/python3.9/logging/__init__.py", line 1087, in emit
    self.flush()
  File "/usr/local/lib/python3.9/logging/__init__.py", line 1067, in flush
    self.stream.flush()
RuntimeError: reentrant call inside <_io.BufferedWriter name='/opt/***/logs/dag_id=dag_with_taskflow_api_v02/run_id=scheduled__2021-11-17T00:00:00+00:00/task_id=greet/attempt=1.log'>

During handling of the above exception, another exception occurred:

Traceback (most recent call last):
  File "/usr/local/lib/python3.9/logging/__init__.py", line 1087, in emit
    self.flush()
  File "/usr/local/lib/python3.9/logging/__init__.py", line 1067, in flush
    self.stream.flush()
RuntimeError: reentrant call inside <_io.BufferedWriter name='/opt/***/logs/dag_id=dag_with_taskflow_api_v02/run_id=scheduled__2021-11-17T00:00:00+00:00/task_id=greet/attempt=1.log'>

During handling of the above exception, another exception occurred:

Traceback (most recent call last):
  File "/usr/local/lib/python3.9/logging/__init__.py", line 1087, in emit
    self.flush()
  File "/usr/local/lib/python3.9/logging/__init__.py", line 1067, in flush
    self.stream.flush()
RuntimeError: reentrant call inside <_io.BufferedWriter name='/opt/***/logs/dag_id=dag_with_taskflow_api_v02/run_id=scheduled__2021-11-17T00:00:00+00:00/task_id=greet/attempt=1.log'>

During handling of the above exception, another exception occurred:

Traceback (most recent call last):
  File "/usr/local/lib/python3.9/logging/__init__.py", line 1087, in emit
    self.flush()
  File "/usr/local/lib/python3.9/logging/__init__.py", line 1067, in flush
    self.stream.flush()
RuntimeError: reentrant call inside <_io.BufferedWriter name='/opt/***/logs/dag_id=dag_with_taskflow_api_v02/run_id=scheduled__2021-11-17T00:00:00+00:00/task_id=greet/attempt=1.log'>

During handling of the above exception, another exception occurred:

Traceback (most recent call last):
  File "/usr/local/lib/python3.9/logging/__init__.py", line 1087, in emit
    self.flush()
  File "/usr/local/lib/python3.9/logging/__init__.py", line 1067, in flush
    self.stream.flush()
RuntimeError: reentrant call inside <_io.BufferedWriter name='/opt/***/logs/dag_id=dag_with_taskflow_api_v02/run_id=scheduled__2021-11-17T00:00:00+00:00/task_id=greet/attempt=1.log'>

During handling of the above exception, another exception occurred:

Traceback (most recent call last):
  File "/usr/local/lib/python3.9/logging/__init__.py", line 1087, in emit
    self.flush()
  File "/usr/local/lib/python3.9/logging/__init__.py", line 1067, in flush
    self.stream.flush()
RuntimeError: reentrant call inside <_io.BufferedWriter name='/opt/***/logs/dag_id=dag_with_taskflow_api_v02/run_id=scheduled__2021-11-17T00:00:00+00:00/task_id=greet/attempt=1.log'>

During handling of the above exception, another exception occurred:

Traceback (most recent call last):
  File "/usr/local/lib/python3.9/logging/__init__.py", line 1087, in emit
    self.flush()
  File "/usr/local/lib/python3.9/logging/__init__.py", line 1067, in flush
    self.stream.flush()
RuntimeError: reentrant call inside <_io.BufferedWriter name='/opt/***/logs/dag_id=dag_with_taskflow_api_v02/run_id=scheduled__2021-11-17T00:00:00+00:00/task_id=greet/attempt=1.log'>

During handling of the above exception, another exception occurred:

Traceback (most recent call last):
  File "/usr/local/lib/python3.9/logging/__init__.py", line 1087, in emit
    self.flush()
  File "/usr/local/lib/python3.9/logging/__init__.py", line 1067, in flush
    self.stream.flush()
RuntimeError: reentrant call inside <_io.BufferedWriter name='/opt/***/logs/dag_id=dag_with_taskflow_api_v02/run_id=scheduled__2021-11-17T00:00:00+00:00/task_id=greet/attempt=1.log'>

During handling of the above exception, another exception occurred:

Traceback (most recent call last):
  File "/usr/local/lib/python3.9/logging/__init__.py", line 1087, in emit
    self.flush()
  File "/usr/local/lib/python3.9/logging/__init__.py", line 1067, in flush
    self.stream.flush()
RuntimeError: reentrant call inside <_io.BufferedWriter name='/opt/***/logs/dag_id=dag_with_taskflow_api_v02/run_id=scheduled__2021-11-17T00:00:00+00:00/task_id=greet/attempt=1.log'>

During handling of the above exception, another exception occurred:

Traceback (most recent call last):
  File "/usr/local/lib/python3.9/logging/__init__.py", line 1087, in emit
    self.flush()
  File "/usr/local/lib/python3.9/logging/__init__.py", line 1067, in flush
    self.stream.flush()
RuntimeError: reentrant call inside <_io.BufferedWriter name='/opt/***/logs/dag_id=dag_with_taskflow_api_v02/run_id=scheduled__2021-11-17T00:00:00+00:00/task_id=greet/attempt=1.log'>

During handling of the above exception, another exception occurred:

Traceback (most recent call last):
  File "/usr/local/lib/python3.9/logging/__init__.py", line 1087, in emit
    self.flush()
  File "/usr/local/lib/python3.9/logging/__init__.py", line 1067, in flush
    self.stream.flush()
RuntimeError: reentrant call inside <_io.BufferedWriter name='/opt/***/logs/dag_id=dag_with_taskflow_api_v02/run_id=scheduled__2021-11-17T00:00:00+00:00/task_id=greet/attempt=1.log'>

During handling of the above exception, another exception occurred:

Traceback (most recent call last):
  File "/usr/local/lib/python3.9/logging/__init__.py", line 1087, in emit
    self.flush()
  File "/usr/local/lib/python3.9/logging/__init__.py", line 1067, in flush
    self.stream.flush()
RuntimeError: reentrant call inside <_io.BufferedWriter name='/opt/***/logs/dag_id=dag_with_taskflow_api_v02/run_id=scheduled__2021-11-17T00:00:00+00:00/task_id=greet/attempt=1.log'>

During handling of the above exception, another exception occurred:

Traceback (most recent call last):
  File "/usr/local/lib/python3.9/logging/__init__.py", line 1087, in emit
    self.flush()
  File "/usr/local/lib/python3.9/logging/__init__.py", line 1067, in flush
    self.stream.flush()
RuntimeError: reentrant call inside <_io.BufferedWriter name='/opt/***/logs/dag_id=dag_with_taskflow_api_v02/run_id=scheduled__2021-11-17T00:00:00+00:00/task_id=greet/attempt=1.log'>

During handling of the above exception, another exception occurred:

Traceback (most recent call last):
  File "/usr/local/lib/python3.9/logging/__init__.py", line 1087, in emit
    self.flush()
  File "/usr/local/lib/python3.9/logging/__init__.py", line 1067, in flush
    self.stream.flush()
RuntimeError: reentrant call inside <_io.BufferedWriter name='/opt/***/logs/dag_id=dag_with_taskflow_api_v02/run_id=scheduled__2021-11-17T00:00:00+00:00/task_id=greet/attempt=1.log'>

During handling of the above exception, another exception occurred:

Traceback (most recent call last):
  File "/usr/local/lib/python3.9/logging/__init__.py", line 1087, in emit
    self.flush()
  File "/usr/local/lib/python3.9/logging/__init__.py", line 1067, in flush
    self.stream.flush()
RuntimeError: reentrant call inside <_io.BufferedWriter name='/opt/***/logs/dag_id=dag_with_taskflow_api_v02/run_id=scheduled__2021-11-17T00:00:00+00:00/task_id=greet/attempt=1.log'>

During handling of the above exception, another exception occurred:

Traceback (most recent call last):
  File "/usr/local/lib/python3.9/logging/__init__.py", line 1087, in emit
    self.flush()
  File "/usr/local/lib/python3.9/logging/__init__.py", line 1067, in flush
    self.stream.flush()
RuntimeError: reentrant call inside <_io.BufferedWriter name='/opt/***/logs/dag_id=dag_with_taskflow_api_v02/run_id=scheduled__2021-11-17T00:00:00+00:00/task_id=greet/attempt=1.log'>

During handling of the above exception, another exception occurred:

Traceback (most recent call last):
  File "/usr/local/lib/python3.9/logging/__init__.py", line 1087, in emit
    self.flush()
  File "/usr/local/lib/python3.9/logging/__init__.py", line 1067, in flush
    self.stream.flush()
RuntimeError: reentrant call inside <_io.BufferedWriter name='/opt/***/logs/dag_id=dag_with_taskflow_api_v02/run_id=scheduled__2021-11-17T00:00:00+00:00/task_id=greet/attempt=1.log'>

During handling of the above exception, another exception occurred:

Traceback (most recent call last):
  File "/usr/local/lib/python3.9/logging/__init__.py", line 1087, in emit
    self.flush()
  File "/usr/local/lib/python3.9/logging/__init__.py", line 1067, in flush
    self.stream.flush()
RuntimeError: reentrant call inside <_io.BufferedWriter name='/opt/***/logs/dag_id=dag_with_taskflow_api_v02/run_id=scheduled__2021-11-17T00:00:00+00:00/task_id=greet/attempt=1.log'>

During handling of the above exception, another exception occurred:

Traceback (most recent call last):
  File "/usr/local/lib/python3.9/logging/__init__.py", line 1087, in emit
    self.flush()
  File "/usr/local/lib/python3.9/logging/__init__.py", line 1067, in flush
    self.stream.flush()
RuntimeError: reentrant call inside <_io.BufferedWriter name='/opt/***/logs/dag_id=dag_with_taskflow_api_v02/run_id=scheduled__2021-11-17T00:00:00+00:00/task_id=greet/attempt=1.log'>

During handling of the above exception, another exception occurred:

Traceback (most recent call last):
  File "/usr/local/lib/python3.9/logging/__init__.py", line 1087, in emit
    self.flush()
  File "/usr/local/lib/python3.9/logging/__init__.py", line 1067, in flush
    self.stream.flush()
RuntimeError: reentrant call inside <_io.BufferedWriter name='/opt/***/logs/dag_id=dag_with_taskflow_api_v02/run_id=scheduled__2021-11-17T00:00:00+00:00/task_id=greet/attempt=1.log'>

During handling of the above exception, another exception occurred:

Traceback (most recent call last):
  File "/usr/local/lib/python3.9/logging/__init__.py", line 1087, in emit
    self.flush()
  File "/usr/local/lib/python3.9/logging/__init__.py", line 1067, in flush
    self.stream.flush()
RuntimeError: reentrant call inside <_io.BufferedWriter name='/opt/***/logs/dag_id=dag_with_taskflow_api_v02/run_id=scheduled__2021-11-17T00:00:00+00:00/task_id=greet/attempt=1.log'>

During handling of the above exception, another exception occurred:

Traceback (most recent call last):
  File "/usr/local/lib/python3.9/logging/__init__.py", line 1087, in emit
    self.flush()
  File "/usr/local/lib/python3.9/logging/__init__.py", line 1067, in flush
    self.stream.flush()
RuntimeError: reentrant call inside <_io.BufferedWriter name='/opt/***/logs/dag_id=dag_with_taskflow_api_v02/run_id=scheduled__2021-11-17T00:00:00+00:00/task_id=greet/attempt=1.log'>

During handling of the above exception, another exception occurred:

Traceback (most recent call last):
  File "/usr/local/lib/python3.9/logging/__init__.py", line 1087, in emit
    self.flush()
  File "/usr/local/lib/python3.9/logging/__init__.py", line 1067, in flush
    self.stream.flush()
RuntimeError: reentrant call inside <_io.BufferedWriter name='/opt/***/logs/dag_id=dag_with_taskflow_api_v02/run_id=scheduled__2021-11-17T00:00:00+00:00/task_id=greet/attempt=1.log'>

During handling of the above exception, another exception occurred:

Traceback (most recent call last):
  File "/usr/local/lib/python3.9/logging/__init__.py", line 1087, in emit
    self.flush()
  File "/usr/local/lib/python3.9/logging/__init__.py", line 1067, in flush
    self.stream.flush()
RuntimeError: reentrant call inside <_io.BufferedWriter name='/opt/***/logs/dag_id=dag_with_taskflow_api_v02/run_id=scheduled__2021-11-17T00:00:00+00:00/task_id=greet/attempt=1.log'>

During handling of the above exception, another exception occurred:

Traceback (most recent call last):
  File "/usr/local/lib/python3.9/logging/__init__.py", line 1087, in emit
    self.flush()
  File "/usr/local/lib/python3.9/logging/__init__.py", line 1067, in flush
    self.stream.flush()
RuntimeError: reentrant call inside <_io.BufferedWriter name='/opt/***/logs/dag_id=dag_with_taskflow_api_v02/run_id=scheduled__2021-11-17T00:00:00+00:00/task_id=greet/attempt=1.log'>

During handling of the above exception, another exception occurred:

Traceback (most recent call last):
  File "/usr/local/lib/python3.9/logging/__init__.py", line 1087, in emit
    self.flush()
  File "/usr/local/lib/python3.9/logging/__init__.py", line 1067, in flush
    self.stream.flush()
RuntimeError: reentrant call inside <_io.BufferedWriter name='/opt/***/logs/dag_id=dag_with_taskflow_api_v02/run_id=scheduled__2021-11-17T00:00:00+00:00/task_id=greet/attempt=1.log'>

During handling of the above exception, another exception occurred:

Traceback (most recent call last):
  File "/usr/local/lib/python3.9/logging/__init__.py", line 1087, in emit
    self.flush()
  File "/usr/local/lib/python3.9/logging/__init__.py", line 1067, in flush
    self.stream.flush()
RuntimeError: reentrant call inside <_io.BufferedWriter name='/opt/***/logs/dag_id=dag_with_taskflow_api_v02/run_id=scheduled__2021-11-17T00:00:00+00:00/task_id=greet/attempt=1.log'>

During handling of the above exception, another exception occurred:

Traceback (most recent call last):
  File "/usr/local/lib/python3.9/logging/__init__.py", line 1087, in emit
    self.flush()
  File "/usr/local/lib/python3.9/logging/__init__.py", line 1067, in flush
    self.stream.flush()
RuntimeError: reentrant call inside <_io.BufferedWriter name='/opt/***/logs/dag_id=dag_with_taskflow_api_v02/run_id=scheduled__2021-11-17T00:00:00+00:00/task_id=greet/attempt=1.log'>

During handling of the above exception, another exception occurred:

Traceback (most recent call last):
  File "/usr/local/lib/python3.9/logging/__init__.py", line 1087, in emit
    self.flush()
  File "/usr/local/lib/python3.9/logging/__init__.py", line 1067, in flush
    self.stream.flush()
RuntimeError: reentrant call inside <_io.BufferedWriter name='/opt/***/logs/dag_id=dag_with_taskflow_api_v02/run_id=scheduled__2021-11-17T00:00:00+00:00/task_id=greet/attempt=1.log'>

During handling of the above exception, another exception occurred:

Traceback (most recent call last):
  File "/usr/local/lib/python3.9/logging/__init__.py", line 1087, in emit
    self.flush()
  File "/usr/local/lib/python3.9/logging/__init__.py", line 1067, in flush
    self.stream.flush()
RuntimeError: reentrant call inside <_io.BufferedWriter name='/opt/***/logs/dag_id=dag_with_taskflow_api_v02/run_id=scheduled__2021-11-17T00:00:00+00:00/task_id=greet/attempt=1.log'>

During handling of the above exception, another exception occurred:

Traceback (most recent call last):
  File "/usr/local/lib/python3.9/logging/__init__.py", line 1087, in emit
    self.flush()
  File "/usr/local/lib/python3.9/logging/__init__.py", line 1067, in flush
    self.stream.flush()
RuntimeError: reentrant call inside <_io.BufferedWriter name='/opt/***/logs/dag_id=dag_with_taskflow_api_v02/run_id=scheduled__2021-11-17T00:00:00+00:00/task_id=greet/attempt=1.log'>

During handling of the above exception, another exception occurred:

Traceback (most recent call last):
  File "/usr/local/lib/python3.9/logging/__init__.py", line 1087, in emit
    self.flush()
  File "/usr/local/lib/python3.9/logging/__init__.py", line 1067, in flush
    self.stream.flush()
RuntimeError: reentrant call inside <_io.BufferedWriter name='/opt/***/logs/dag_id=dag_with_taskflow_api_v02/run_id=scheduled__2021-11-17T00:00:00+00:00/task_id=greet/attempt=1.log'>

During handling of the above exception, another exception occurred:

Traceback (most recent call last):
  File "/usr/local/lib/python3.9/logging/__init__.py", line 1087, in emit
    self.flush()
  File "/usr/local/lib/python3.9/logging/__init__.py", line 1067, in flush
    self.stream.flush()
RuntimeError: reentrant call inside <_io.BufferedWriter name='/opt/***/logs/dag_id=dag_with_taskflow_api_v02/run_id=scheduled__2021-11-17T00:00:00+00:00/task_id=greet/attempt=1.log'>

During handling of the above exception, another exception occurred:

Traceback (most recent call last):
  File "/usr/local/lib/python3.9/logging/__init__.py", line 1087, in emit
    self.flush()
  File "/usr/local/lib/python3.9/logging/__init__.py", line 1067, in flush
    self.stream.flush()
RuntimeError: reentrant call inside <_io.BufferedWriter name='/opt/***/logs/dag_id=dag_with_taskflow_api_v02/run_id=scheduled__2021-11-17T00:00:00+00:00/task_id=greet/attempt=1.log'>

During handling of the above exception, another exception occurred:

Traceback (most recent call last):
  File "/usr/local/lib/python3.9/logging/__init__.py", line 1087, in emit
    self.flush()
  File "/usr/local/lib/python3.9/logging/__init__.py", line 1067, in flush
    self.stream.flush()
RuntimeError: reentrant call inside <_io.BufferedWriter name='/opt/***/logs/dag_id=dag_with_taskflow_api_v02/run_id=scheduled__2021-11-17T00:00:00+00:00/task_id=greet/attempt=1.log'>

During handling of the above exception, another exception occurred:

Traceback (most recent call last):
  File "/usr/local/lib/python3.9/logging/__init__.py", line 1087, in emit
    self.flush()
  File "/usr/local/lib/python3.9/logging/__init__.py", line 1067, in flush
    self.stream.flush()
RuntimeError: reentrant call inside <_io.BufferedWriter name='/opt/***/logs/dag_id=dag_with_taskflow_api_v02/run_id=scheduled__2021-11-17T00:00:00+00:00/task_id=greet/attempt=1.log'>

During handling of the above exception, another exception occurred:

Traceback (most recent call last):
  File "/usr/local/lib/python3.9/logging/__init__.py", line 1087, in emit
    self.flush()
  File "/usr/local/lib/python3.9/logging/__init__.py", line 1067, in flush
    self.stream.flush()
RuntimeError: reentrant call inside <_io.BufferedWriter name='/opt/***/logs/dag_id=dag_with_taskflow_api_v02/run_id=scheduled__2021-11-17T00:00:00+00:00/task_id=greet/attempt=1.log'>

During handling of the above exception, another exception occurred:

Traceback (most recent call last):
  File "/usr/local/lib/python3.9/logging/__init__.py", line 1087, in emit
    self.flush()
  File "/usr/local/lib/python3.9/logging/__init__.py", line 1067, in flush
    self.stream.flush()
RuntimeError: reentrant call inside <_io.BufferedWriter name='/opt/***/logs/dag_id=dag_with_taskflow_api_v02/run_id=scheduled__2021-11-17T00:00:00+00:00/task_id=greet/attempt=1.log'>

During handling of the above exception, another exception occurred:

Traceback (most recent call last):
  File "/usr/local/lib/python3.9/logging/__init__.py", line 1087, in emit
    self.flush()
  File "/usr/local/lib/python3.9/logging/__init__.py", line 1067, in flush
    self.stream.flush()
RuntimeError: reentrant call inside <_io.BufferedWriter name='/opt/***/logs/dag_id=dag_with_taskflow_api_v02/run_id=scheduled__2021-11-17T00:00:00+00:00/task_id=greet/attempt=1.log'>

During handling of the above exception, another exception occurred:

Traceback (most recent call last):
  File "/usr/local/lib/python3.9/logging/__init__.py", line 1087, in emit
    self.flush()
  File "/usr/local/lib/python3.9/logging/__init__.py", line 1067, in flush
    self.stream.flush()
RuntimeError: reentrant call inside <_io.BufferedWriter name='/opt/***/logs/dag_id=dag_with_taskflow_api_v02/run_id=scheduled__2021-11-17T00:00:00+00:00/task_id=greet/attempt=1.log'>

During handling of the above exception, another exception occurred:

Traceback (most recent call last):
  File "/usr/local/lib/python3.9/logging/__init__.py", line 1087, in emit
    self.flush()
  File "/usr/local/lib/python3.9/logging/__init__.py", line 1067, in flush
    self.stream.flush()
RuntimeError: reentrant call inside <_io.BufferedWriter name='/opt/***/logs/dag_id=dag_with_taskflow_api_v02/run_id=scheduled__2021-11-17T00:00:00+00:00/task_id=greet/attempt=1.log'>

During handling of the above exception, another exception occurred:

Traceback (most recent call last):
  File "/home/airflow/.local/lib/python3.9/site-packages/airflow/models/taskinstance.py", line 1430, in _run_raw_task
    self._execute_task_with_callbacks(context, test_mode)
  File "/home/airflow/.local/lib/python3.9/site-packages/airflow/models/taskinstance.py", line 1568, in _execute_task_with_callbacks
    self.log.info(
  File "/usr/local/lib/python3.9/logging/__init__.py", line 1446, in info
    self._log(INFO, msg, args, **kwargs)
  File "/usr/local/lib/python3.9/logging/__init__.py", line 1589, in _log
    self.handle(record)
  File "/usr/local/lib/python3.9/logging/__init__.py", line 1599, in handle
    self.callHandlers(record)
  File "/usr/local/lib/python3.9/logging/__init__.py", line 1661, in callHandlers
    hdlr.handle(record)
  File "/usr/local/lib/python3.9/logging/__init__.py", line 952, in handle
    self.emit(record)
  File "/home/airflow/.local/lib/python3.9/site-packages/airflow/utils/log/file_task_handler.py", line 211, in emit
    self.handler.emit(record)
  File "/usr/local/lib/python3.9/logging/__init__.py", line 1187, in emit
    StreamHandler.emit(self, record)
  File "/usr/local/lib/python3.9/logging/__init__.py", line 1087, in emit
    self.flush()
  File "/usr/local/lib/python3.9/logging/__init__.py", line 1067, in flush
    self.stream.flush()
  File "/home/airflow/.local/lib/python3.9/site-packages/airflow/models/taskinstance.py", line 1540, in signal_handler
    self.log.error("Received SIGTERM. Terminating subprocesses.")
  File "/usr/local/lib/python3.9/logging/__init__.py", line 1475, in error
    self._log(ERROR, msg, args, **kwargs)
  File "/usr/local/lib/python3.9/logging/__init__.py", line 1589, in _log
    self.handle(record)
  File "/usr/local/lib/python3.9/logging/__init__.py", line 1599, in handle
    self.callHandlers(record)
  File "/usr/local/lib/python3.9/logging/__init__.py", line 1661, in callHandlers
    hdlr.handle(record)
  File "/usr/local/lib/python3.9/logging/__init__.py", line 952, in handle
    self.emit(record)
  File "/home/airflow/.local/lib/python3.9/site-packages/airflow/utils/log/file_task_handler.py", line 211, in emit
    self.handler.emit(record)
  File "/usr/local/lib/python3.9/logging/__init__.py", line 1187, in emit
    StreamHandler.emit(self, record)
  File "/usr/local/lib/python3.9/logging/__init__.py", line 1091, in emit
    self.handleError(record)
  File "/usr/local/lib/python3.9/logging/__init__.py", line 1004, in handleError
    sys.stderr.write('--- Logging error ---\n')
  File "/home/airflow/.local/lib/python3.9/site-packages/airflow/utils/log/logging_mixin.py", line 161, in write
    self.flush()
  File "/home/airflow/.local/lib/python3.9/site-packages/airflow/utils/log/logging_mixin.py", line 168, in flush
    self._propagate_log(buf)
  File "/home/airflow/.local/lib/python3.9/site-packages/airflow/utils/log/logging_mixin.py", line 149, in _propagate_log
    self.logger.log(self.level, remove_escape_codes(message))
  File "/usr/local/lib/python3.9/logging/__init__.py", line 1512, in log
    self._log(level, msg, args, **kwargs)
  File "/usr/local/lib/python3.9/logging/__init__.py", line 1589, in _log
    self.handle(record)
  File "/usr/local/lib/python3.9/logging/__init__.py", line 1599, in handle
    self.callHandlers(record)
  File "/usr/local/lib/python3.9/logging/__init__.py", line 1661, in callHandlers
    hdlr.handle(record)
  File "/usr/local/lib/python3.9/logging/__init__.py", line 952, in handle
    self.emit(record)
  File "/home/airflow/.local/lib/python3.9/site-packages/airflow/utils/log/file_task_handler.py", line 211, in emit
    self.handler.emit(record)
  File "/usr/local/lib/python3.9/logging/__init__.py", line 1187, in emit
    StreamHandler.emit(self, record)
  File "/usr/local/lib/python3.9/logging/__init__.py", line 1091, in emit
    self.handleError(record)
  File "/usr/local/lib/python3.9/logging/__init__.py", line 1004, in handleError
    sys.stderr.write('--- Logging error ---\n')
  File "/home/airflow/.local/lib/python3.9/site-packages/airflow/utils/log/logging_mixin.py", line 161, in write
    self.flush()
  File "/home/airflow/.local/lib/python3.9/site-packages/airflow/utils/log/logging_mixin.py", line 168, in flush
    self._propagate_log(buf)
  File "/home/airflow/.local/lib/python3.9/site-packages/airflow/utils/log/logging_mixin.py", line 149, in _propagate_log
    self.logger.log(self.level, remove_escape_codes(message))
  File "/usr/local/lib/python3.9/logging/__init__.py", line 1512, in log
    self._log(level, msg, args, **kwargs)
  File "/usr/local/lib/python3.9/logging/__init__.py", line 1589, in _log
    self.handle(record)
  File "/usr/local/lib/python3.9/logging/__init__.py", line 1599, in handle
    self.callHandlers(record)
  File "/usr/local/lib/python3.9/logging/__init__.py", line 1661, in callHandlers
    hdlr.handle(record)
  File "/usr/local/lib/python3.9/logging/__init__.py", line 952, in handle
    self.emit(record)
  File "/home/airflow/.local/lib/python3.9/site-packages/airflow/utils/log/file_task_handler.py", line 211, in emit
    self.handler.emit(record)
  File "/usr/local/lib/python3.9/logging/__init__.py", line 1187, in emit
    StreamHandler.emit(self, record)
  File "/usr/local/lib/python3.9/logging/__init__.py", line 1091, in emit
    self.handleError(record)
  File "/usr/local/lib/python3.9/logging/__init__.py", line 1004, in handleError
    sys.stderr.write('--- Logging error ---\n')
  File "/home/airflow/.local/lib/python3.9/site-packages/airflow/utils/log/logging_mixin.py", line 161, in write
    self.flush()
  File "/home/airflow/.local/lib/python3.9/site-packages/airflow/utils/log/logging_mixin.py", line 168, in flush
    self._propagate_log(buf)
  File "/home/airflow/.local/lib/python3.9/site-packages/airflow/utils/log/logging_mixin.py", line 149, in _propagate_log
    self.logger.log(self.level, remove_escape_codes(message))
  File "/usr/local/lib/python3.9/logging/__init__.py", line 1512, in log
    self._log(level, msg, args, **kwargs)
  File "/usr/local/lib/python3.9/logging/__init__.py", line 1589, in _log
    self.handle(record)
  File "/usr/local/lib/python3.9/logging/__init__.py", line 1599, in handle
    self.callHandlers(record)
  File "/usr/local/lib/python3.9/logging/__init__.py", line 1661, in callHandlers
    hdlr.handle(record)
  File "/usr/local/lib/python3.9/logging/__init__.py", line 952, in handle
    self.emit(record)
  File "/home/airflow/.local/lib/python3.9/site-packages/airflow/utils/log/file_task_handler.py", line 211, in emit
    self.handler.emit(record)
  File "/usr/local/lib/python3.9/logging/__init__.py", line 1187, in emit
    StreamHandler.emit(self, record)
  File "/usr/local/lib/python3.9/logging/__init__.py", line 1091, in emit
    self.handleError(record)
  File "/usr/local/lib/python3.9/logging/__init__.py", line 1004, in handleError
    sys.stderr.write('--- Logging error ---\n')
  File "/home/airflow/.local/lib/python3.9/site-packages/airflow/utils/log/logging_mixin.py", line 161, in write
    self.flush()
  File "/home/airflow/.local/lib/python3.9/site-packages/airflow/utils/log/logging_mixin.py", line 168, in flush
    self._propagate_log(buf)
  File "/home/airflow/.local/lib/python3.9/site-packages/airflow/utils/log/logging_mixin.py", line 149, in _propagate_log
    self.logger.log(self.level, remove_escape_codes(message))
  File "/usr/local/lib/python3.9/logging/__init__.py", line 1512, in log
    self._log(level, msg, args, **kwargs)
  File "/usr/local/lib/python3.9/logging/__init__.py", line 1589, in _log
    self.handle(record)
  File "/usr/local/lib/python3.9/logging/__init__.py", line 1599, in handle
    self.callHandlers(record)
  File "/usr/local/lib/python3.9/logging/__init__.py", line 1661, in callHandlers
    hdlr.handle(record)
  File "/usr/local/lib/python3.9/logging/__init__.py", line 952, in handle
    self.emit(record)
  File "/home/airflow/.local/lib/python3.9/site-packages/airflow/utils/log/file_task_handler.py", line 211, in emit
    self.handler.emit(record)
  File "/usr/local/lib/python3.9/logging/__init__.py", line 1187, in emit
    StreamHandler.emit(self, record)
  File "/usr/local/lib/python3.9/logging/__init__.py", line 1091, in emit
    self.handleError(record)
  File "/usr/local/lib/python3.9/logging/__init__.py", line 1004, in handleError
    sys.stderr.write('--- Logging error ---\n')
  File "/home/airflow/.local/lib/python3.9/site-packages/airflow/utils/log/logging_mixin.py", line 161, in write
    self.flush()
  File "/home/airflow/.local/lib/python3.9/site-packages/airflow/utils/log/logging_mixin.py", line 168, in flush
    self._propagate_log(buf)
  File "/home/airflow/.local/lib/python3.9/site-packages/airflow/utils/log/logging_mixin.py", line 149, in _propagate_log
    self.logger.log(self.level, remove_escape_codes(message))
  File "/usr/local/lib/python3.9/logging/__init__.py", line 1512, in log
    self._log(level, msg, args, **kwargs)
  File "/usr/local/lib/python3.9/logging/__init__.py", line 1589, in _log
    self.handle(record)
  File "/usr/local/lib/python3.9/logging/__init__.py", line 1599, in handle
    self.callHandlers(record)
  File "/usr/local/lib/python3.9/logging/__init__.py", line 1661, in callHandlers
    hdlr.handle(record)
  File "/usr/local/lib/python3.9/logging/__init__.py", line 952, in handle
    self.emit(record)
  File "/home/airflow/.local/lib/python3.9/site-packages/airflow/utils/log/file_task_handler.py", line 211, in emit
    self.handler.emit(record)
  File "/usr/local/lib/python3.9/logging/__init__.py", line 1187, in emit
    StreamHandler.emit(self, record)
  File "/usr/local/lib/python3.9/logging/__init__.py", line 1091, in emit
    self.handleError(record)
  File "/usr/local/lib/python3.9/logging/__init__.py", line 1004, in handleError
    sys.stderr.write('--- Logging error ---\n')
  File "/home/airflow/.local/lib/python3.9/site-packages/airflow/utils/log/logging_mixin.py", line 161, in write
    self.flush()
  File "/home/airflow/.local/lib/python3.9/site-packages/airflow/utils/log/logging_mixin.py", line 168, in flush
    self._propagate_log(buf)
  File "/home/airflow/.local/lib/python3.9/site-packages/airflow/utils/log/logging_mixin.py", line 149, in _propagate_log
    self.logger.log(self.level, remove_escape_codes(message))
  File "/usr/local/lib/python3.9/logging/__init__.py", line 1512, in log
    self._log(level, msg, args, **kwargs)
  File "/usr/local/lib/python3.9/logging/__init__.py", line 1589, in _log
    self.handle(record)
  File "/usr/local/lib/python3.9/logging/__init__.py", line 1599, in handle
    self.callHandlers(record)
  File "/usr/local/lib/python3.9/logging/__init__.py", line 1661, in callHandlers
    hdlr.handle(record)
  File "/usr/local/lib/python3.9/logging/__init__.py", line 952, in handle
    self.emit(record)
  File "/home/airflow/.local/lib/python3.9/site-packages/airflow/utils/log/file_task_handler.py", line 211, in emit
    self.handler.emit(record)
  File "/usr/local/lib/python3.9/logging/__init__.py", line 1187, in emit
    StreamHandler.emit(self, record)
  File "/usr/local/lib/python3.9/logging/__init__.py", line 1091, in emit
    self.handleError(record)
  File "/usr/local/lib/python3.9/logging/__init__.py", line 1004, in handleError
    sys.stderr.write('--- Logging error ---\n')
  File "/home/airflow/.local/lib/python3.9/site-packages/airflow/utils/log/logging_mixin.py", line 161, in write
    self.flush()
  File "/home/airflow/.local/lib/python3.9/site-packages/airflow/utils/log/logging_mixin.py", line 168, in flush
    self._propagate_log(buf)
  File "/home/airflow/.local/lib/python3.9/site-packages/airflow/utils/log/logging_mixin.py", line 149, in _propagate_log
    self.logger.log(self.level, remove_escape_codes(message))
  File "/usr/local/lib/python3.9/logging/__init__.py", line 1512, in log
    self._log(level, msg, args, **kwargs)
  File "/usr/local/lib/python3.9/logging/__init__.py", line 1589, in _log
    self.handle(record)
  File "/usr/local/lib/python3.9/logging/__init__.py", line 1599, in handle
    self.callHandlers(record)
  File "/usr/local/lib/python3.9/logging/__init__.py", line 1661, in callHandlers
    hdlr.handle(record)
  File "/usr/local/lib/python3.9/logging/__init__.py", line 952, in handle
    self.emit(record)
  File "/home/airflow/.local/lib/python3.9/site-packages/airflow/utils/log/file_task_handler.py", line 211, in emit
    self.handler.emit(record)
  File "/usr/local/lib/python3.9/logging/__init__.py", line 1187, in emit
    StreamHandler.emit(self, record)
  File "/usr/local/lib/python3.9/logging/__init__.py", line 1091, in emit
    self.handleError(record)
  File "/usr/local/lib/python3.9/logging/__init__.py", line 1004, in handleError
    sys.stderr.write('--- Logging error ---\n')
  File "/home/airflow/.local/lib/python3.9/site-packages/airflow/utils/log/logging_mixin.py", line 161, in write
    self.flush()
  File "/home/airflow/.local/lib/python3.9/site-packages/airflow/utils/log/logging_mixin.py", line 168, in flush
    self._propagate_log(buf)
  File "/home/airflow/.local/lib/python3.9/site-packages/airflow/utils/log/logging_mixin.py", line 149, in _propagate_log
    self.logger.log(self.level, remove_escape_codes(message))
  File "/usr/local/lib/python3.9/logging/__init__.py", line 1512, in log
    self._log(level, msg, args, **kwargs)
  File "/usr/local/lib/python3.9/logging/__init__.py", line 1589, in _log
    self.handle(record)
  File "/usr/local/lib/python3.9/logging/__init__.py", line 1599, in handle
    self.callHandlers(record)
  File "/usr/local/lib/python3.9/logging/__init__.py", line 1661, in callHandlers
    hdlr.handle(record)
  File "/usr/local/lib/python3.9/logging/__init__.py", line 952, in handle
    self.emit(record)
  File "/home/airflow/.local/lib/python3.9/site-packages/airflow/utils/log/file_task_handler.py", line 211, in emit
    self.handler.emit(record)
  File "/usr/local/lib/python3.9/logging/__init__.py", line 1187, in emit
    StreamHandler.emit(self, record)
  File "/usr/local/lib/python3.9/logging/__init__.py", line 1091, in emit
    self.handleError(record)
  File "/usr/local/lib/python3.9/logging/__init__.py", line 1004, in handleError
    sys.stderr.write('--- Logging error ---\n')
  File "/home/airflow/.local/lib/python3.9/site-packages/airflow/utils/log/logging_mixin.py", line 161, in write
    self.flush()
  File "/home/airflow/.local/lib/python3.9/site-packages/airflow/utils/log/logging_mixin.py", line 168, in flush
    self._propagate_log(buf)
  File "/home/airflow/.local/lib/python3.9/site-packages/airflow/utils/log/logging_mixin.py", line 149, in _propagate_log
    self.logger.log(self.level, remove_escape_codes(message))
  File "/usr/local/lib/python3.9/logging/__init__.py", line 1512, in log
    self._log(level, msg, args, **kwargs)
  File "/usr/local/lib/python3.9/logging/__init__.py", line 1589, in _log
    self.handle(record)
  File "/usr/local/lib/python3.9/logging/__init__.py", line 1599, in handle
    self.callHandlers(record)
  File "/usr/local/lib/python3.9/logging/__init__.py", line 1661, in callHandlers
    hdlr.handle(record)
  File "/usr/local/lib/python3.9/logging/__init__.py", line 952, in handle
    self.emit(record)
  File "/home/airflow/.local/lib/python3.9/site-packages/airflow/utils/log/file_task_handler.py", line 211, in emit
    self.handler.emit(record)
  File "/usr/local/lib/python3.9/logging/__init__.py", line 1187, in emit
    StreamHandler.emit(self, record)
  File "/usr/local/lib/python3.9/logging/__init__.py", line 1091, in emit
    self.handleError(record)
  File "/usr/local/lib/python3.9/logging/__init__.py", line 1004, in handleError
    sys.stderr.write('--- Logging error ---\n')
  File "/home/airflow/.local/lib/python3.9/site-packages/airflow/utils/log/logging_mixin.py", line 161, in write
    self.flush()
  File "/home/airflow/.local/lib/python3.9/site-packages/airflow/utils/log/logging_mixin.py", line 168, in flush
    self._propagate_log(buf)
  File "/home/airflow/.local/lib/python3.9/site-packages/airflow/utils/log/logging_mixin.py", line 149, in _propagate_log
    self.logger.log(self.level, remove_escape_codes(message))
  File "/usr/local/lib/python3.9/logging/__init__.py", line 1512, in log
    self._log(level, msg, args, **kwargs)
  File "/usr/local/lib/python3.9/logging/__init__.py", line 1589, in _log
    self.handle(record)
  File "/usr/local/lib/python3.9/logging/__init__.py", line 1599, in handle
    self.callHandlers(record)
  File "/usr/local/lib/python3.9/logging/__init__.py", line 1661, in callHandlers
    hdlr.handle(record)
  File "/usr/local/lib/python3.9/logging/__init__.py", line 952, in handle
    self.emit(record)
  File "/home/airflow/.local/lib/python3.9/site-packages/airflow/utils/log/file_task_handler.py", line 211, in emit
    self.handler.emit(record)
  File "/usr/local/lib/python3.9/logging/__init__.py", line 1187, in emit
    StreamHandler.emit(self, record)
  File "/usr/local/lib/python3.9/logging/__init__.py", line 1091, in emit
    self.handleError(record)
  File "/usr/local/lib/python3.9/logging/__init__.py", line 1004, in handleError
    sys.stderr.write('--- Logging error ---\n')
  File "/home/airflow/.local/lib/python3.9/site-packages/airflow/utils/log/logging_mixin.py", line 161, in write
    self.flush()
  File "/home/airflow/.local/lib/python3.9/site-packages/airflow/utils/log/logging_mixin.py", line 168, in flush
    self._propagate_log(buf)
  File "/home/airflow/.local/lib/python3.9/site-packages/airflow/utils/log/logging_mixin.py", line 149, in _propagate_log
    self.logger.log(self.level, remove_escape_codes(message))
  File "/usr/local/lib/python3.9/logging/__init__.py", line 1512, in log
    self._log(level, msg, args, **kwargs)
  File "/usr/local/lib/python3.9/logging/__init__.py", line 1589, in _log
    self.handle(record)
  File "/usr/local/lib/python3.9/logging/__init__.py", line 1599, in handle
    self.callHandlers(record)
  File "/usr/local/lib/python3.9/logging/__init__.py", line 1661, in callHandlers
    hdlr.handle(record)
  File "/usr/local/lib/python3.9/logging/__init__.py", line 952, in handle
    self.emit(record)
  File "/home/airflow/.local/lib/python3.9/site-packages/airflow/utils/log/file_task_handler.py", line 211, in emit
    self.handler.emit(record)
  File "/usr/local/lib/python3.9/logging/__init__.py", line 1187, in emit
    StreamHandler.emit(self, record)
  File "/usr/local/lib/python3.9/logging/__init__.py", line 1091, in emit
    self.handleError(record)
  File "/usr/local/lib/python3.9/logging/__init__.py", line 1004, in handleError
    sys.stderr.write('--- Logging error ---\n')
  File "/home/airflow/.local/lib/python3.9/site-packages/airflow/utils/log/logging_mixin.py", line 161, in write
    self.flush()
  File "/home/airflow/.local/lib/python3.9/site-packages/airflow/utils/log/logging_mixin.py", line 168, in flush
    self._propagate_log(buf)
  File "/home/airflow/.local/lib/python3.9/site-packages/airflow/utils/log/logging_mixin.py", line 149, in _propagate_log
    self.logger.log(self.level, remove_escape_codes(message))
  File "/usr/local/lib/python3.9/logging/__init__.py", line 1512, in log
    self._log(level, msg, args, **kwargs)
  File "/usr/local/lib/python3.9/logging/__init__.py", line 1589, in _log
    self.handle(record)
  File "/usr/local/lib/python3.9/logging/__init__.py", line 1599, in handle
    self.callHandlers(record)
  File "/usr/local/lib/python3.9/logging/__init__.py", line 1661, in callHandlers
    hdlr.handle(record)
  File "/usr/local/lib/python3.9/logging/__init__.py", line 952, in handle
    self.emit(record)
  File "/home/airflow/.local/lib/python3.9/site-packages/airflow/utils/log/file_task_handler.py", line 211, in emit
    self.handler.emit(record)
  File "/usr/local/lib/python3.9/logging/__init__.py", line 1187, in emit
    StreamHandler.emit(self, record)
  File "/usr/local/lib/python3.9/logging/__init__.py", line 1091, in emit
    self.handleError(record)
  File "/usr/local/lib/python3.9/logging/__init__.py", line 1004, in handleError
    sys.stderr.write('--- Logging error ---\n')
  File "/home/airflow/.local/lib/python3.9/site-packages/airflow/utils/log/logging_mixin.py", line 161, in write
    self.flush()
  File "/home/airflow/.local/lib/python3.9/site-packages/airflow/utils/log/logging_mixin.py", line 168, in flush
    self._propagate_log(buf)
  File "/home/airflow/.local/lib/python3.9/site-packages/airflow/utils/log/logging_mixin.py", line 149, in _propagate_log
    self.logger.log(self.level, remove_escape_codes(message))
  File "/usr/local/lib/python3.9/logging/__init__.py", line 1512, in log
    self._log(level, msg, args, **kwargs)
  File "/usr/local/lib/python3.9/logging/__init__.py", line 1589, in _log
    self.handle(record)
  File "/usr/local/lib/python3.9/logging/__init__.py", line 1599, in handle
    self.callHandlers(record)
  File "/usr/local/lib/python3.9/logging/__init__.py", line 1661, in callHandlers
    hdlr.handle(record)
  File "/usr/local/lib/python3.9/logging/__init__.py", line 952, in handle
    self.emit(record)
  File "/home/airflow/.local/lib/python3.9/site-packages/airflow/utils/log/file_task_handler.py", line 211, in emit
    self.handler.emit(record)
  File "/usr/local/lib/python3.9/logging/__init__.py", line 1187, in emit
    StreamHandler.emit(self, record)
  File "/usr/local/lib/python3.9/logging/__init__.py", line 1091, in emit
    self.handleError(record)
  File "/usr/local/lib/python3.9/logging/__init__.py", line 1004, in handleError
    sys.stderr.write('--- Logging error ---\n')
  File "/home/airflow/.local/lib/python3.9/site-packages/airflow/utils/log/logging_mixin.py", line 161, in write
    self.flush()
  File "/home/airflow/.local/lib/python3.9/site-packages/airflow/utils/log/logging_mixin.py", line 168, in flush
    self._propagate_log(buf)
  File "/home/airflow/.local/lib/python3.9/site-packages/airflow/utils/log/logging_mixin.py", line 149, in _propagate_log
    self.logger.log(self.level, remove_escape_codes(message))
  File "/usr/local/lib/python3.9/logging/__init__.py", line 1512, in log
    self._log(level, msg, args, **kwargs)
  File "/usr/local/lib/python3.9/logging/__init__.py", line 1589, in _log
    self.handle(record)
  File "/usr/local/lib/python3.9/logging/__init__.py", line 1599, in handle
    self.callHandlers(record)
  File "/usr/local/lib/python3.9/logging/__init__.py", line 1661, in callHandlers
    hdlr.handle(record)
  File "/usr/local/lib/python3.9/logging/__init__.py", line 952, in handle
    self.emit(record)
  File "/home/airflow/.local/lib/python3.9/site-packages/airflow/utils/log/file_task_handler.py", line 211, in emit
    self.handler.emit(record)
  File "/usr/local/lib/python3.9/logging/__init__.py", line 1187, in emit
    StreamHandler.emit(self, record)
  File "/usr/local/lib/python3.9/logging/__init__.py", line 1091, in emit
    self.handleError(record)
  File "/usr/local/lib/python3.9/logging/__init__.py", line 1004, in handleError
    sys.stderr.write('--- Logging error ---\n')
  File "/home/airflow/.local/lib/python3.9/site-packages/airflow/utils/log/logging_mixin.py", line 161, in write
    self.flush()
  File "/home/airflow/.local/lib/python3.9/site-packages/airflow/utils/log/logging_mixin.py", line 168, in flush
    self._propagate_log(buf)
  File "/home/airflow/.local/lib/python3.9/site-packages/airflow/utils/log/logging_mixin.py", line 149, in _propagate_log
    self.logger.log(self.level, remove_escape_codes(message))
  File "/usr/local/lib/python3.9/logging/__init__.py", line 1512, in log
    self._log(level, msg, args, **kwargs)
  File "/usr/local/lib/python3.9/logging/__init__.py", line 1589, in _log
    self.handle(record)
  File "/usr/local/lib/python3.9/logging/__init__.py", line 1599, in handle
    self.callHandlers(record)
  File "/usr/local/lib/python3.9/logging/__init__.py", line 1661, in callHandlers
    hdlr.handle(record)
  File "/usr/local/lib/python3.9/logging/__init__.py", line 952, in handle
    self.emit(record)
  File "/home/airflow/.local/lib/python3.9/site-packages/airflow/utils/log/file_task_handler.py", line 211, in emit
    self.handler.emit(record)
  File "/usr/local/lib/python3.9/logging/__init__.py", line 1187, in emit
    StreamHandler.emit(self, record)
  File "/usr/local/lib/python3.9/logging/__init__.py", line 1091, in emit
    self.handleError(record)
  File "/usr/local/lib/python3.9/logging/__init__.py", line 1004, in handleError
    sys.stderr.write('--- Logging error ---\n')
  File "/home/airflow/.local/lib/python3.9/site-packages/airflow/utils/log/logging_mixin.py", line 161, in write
    self.flush()
  File "/home/airflow/.local/lib/python3.9/site-packages/airflow/utils/log/logging_mixin.py", line 168, in flush
    self._propagate_log(buf)
  File "/home/airflow/.local/lib/python3.9/site-packages/airflow/utils/log/logging_mixin.py", line 149, in _propagate_log
    self.logger.log(self.level, remove_escape_codes(message))
  File "/usr/local/lib/python3.9/logging/__init__.py", line 1512, in log
    self._log(level, msg, args, **kwargs)
  File "/usr/local/lib/python3.9/logging/__init__.py", line 1589, in _log
    self.handle(record)
  File "/usr/local/lib/python3.9/logging/__init__.py", line 1599, in handle
    self.callHandlers(record)
  File "/usr/local/lib/python3.9/logging/__init__.py", line 1661, in callHandlers
    hdlr.handle(record)
  File "/usr/local/lib/python3.9/logging/__init__.py", line 952, in handle
    self.emit(record)
  File "/home/airflow/.local/lib/python3.9/site-packages/airflow/utils/log/file_task_handler.py", line 211, in emit
    self.handler.emit(record)
  File "/usr/local/lib/python3.9/logging/__init__.py", line 1187, in emit
    StreamHandler.emit(self, record)
  File "/usr/local/lib/python3.9/logging/__init__.py", line 1091, in emit
    self.handleError(record)
  File "/usr/local/lib/python3.9/logging/__init__.py", line 1004, in handleError
    sys.stderr.write('--- Logging error ---\n')
  File "/home/airflow/.local/lib/python3.9/site-packages/airflow/utils/log/logging_mixin.py", line 161, in write
    self.flush()
  File "/home/airflow/.local/lib/python3.9/site-packages/airflow/utils/log/logging_mixin.py", line 168, in flush
    self._propagate_log(buf)
  File "/home/airflow/.local/lib/python3.9/site-packages/airflow/utils/log/logging_mixin.py", line 149, in _propagate_log
    self.logger.log(self.level, remove_escape_codes(message))
  File "/usr/local/lib/python3.9/logging/__init__.py", line 1512, in log
    self._log(level, msg, args, **kwargs)
  File "/usr/local/lib/python3.9/logging/__init__.py", line 1589, in _log
    self.handle(record)
  File "/usr/local/lib/python3.9/logging/__init__.py", line 1599, in handle
    self.callHandlers(record)
  File "/usr/local/lib/python3.9/logging/__init__.py", line 1661, in callHandlers
    hdlr.handle(record)
  File "/usr/local/lib/python3.9/logging/__init__.py", line 952, in handle
    self.emit(record)
  File "/home/airflow/.local/lib/python3.9/site-packages/airflow/utils/log/file_task_handler.py", line 211, in emit
    self.handler.emit(record)
  File "/usr/local/lib/python3.9/logging/__init__.py", line 1187, in emit
    StreamHandler.emit(self, record)
  File "/usr/local/lib/python3.9/logging/__init__.py", line 1091, in emit
    self.handleError(record)
  File "/usr/local/lib/python3.9/logging/__init__.py", line 1004, in handleError
    sys.stderr.write('--- Logging error ---\n')
  File "/home/airflow/.local/lib/python3.9/site-packages/airflow/utils/log/logging_mixin.py", line 161, in write
    self.flush()
  File "/home/airflow/.local/lib/python3.9/site-packages/airflow/utils/log/logging_mixin.py", line 168, in flush
    self._propagate_log(buf)
  File "/home/airflow/.local/lib/python3.9/site-packages/airflow/utils/log/logging_mixin.py", line 149, in _propagate_log
    self.logger.log(self.level, remove_escape_codes(message))
  File "/usr/local/lib/python3.9/logging/__init__.py", line 1512, in log
    self._log(level, msg, args, **kwargs)
  File "/usr/local/lib/python3.9/logging/__init__.py", line 1589, in _log
    self.handle(record)
  File "/usr/local/lib/python3.9/logging/__init__.py", line 1599, in handle
    self.callHandlers(record)
  File "/usr/local/lib/python3.9/logging/__init__.py", line 1661, in callHandlers
    hdlr.handle(record)
  File "/usr/local/lib/python3.9/logging/__init__.py", line 952, in handle
    self.emit(record)
  File "/home/airflow/.local/lib/python3.9/site-packages/airflow/utils/log/file_task_handler.py", line 211, in emit
    self.handler.emit(record)
  File "/usr/local/lib/python3.9/logging/__init__.py", line 1187, in emit
    StreamHandler.emit(self, record)
  File "/usr/local/lib/python3.9/logging/__init__.py", line 1091, in emit
    self.handleError(record)
  File "/usr/local/lib/python3.9/logging/__init__.py", line 1004, in handleError
    sys.stderr.write('--- Logging error ---\n')
  File "/home/airflow/.local/lib/python3.9/site-packages/airflow/utils/log/logging_mixin.py", line 161, in write
    self.flush()
  File "/home/airflow/.local/lib/python3.9/site-packages/airflow/utils/log/logging_mixin.py", line 168, in flush
    self._propagate_log(buf)
  File "/home/airflow/.local/lib/python3.9/site-packages/airflow/utils/log/logging_mixin.py", line 149, in _propagate_log
    self.logger.log(self.level, remove_escape_codes(message))
  File "/usr/local/lib/python3.9/logging/__init__.py", line 1512, in log
    self._log(level, msg, args, **kwargs)
  File "/usr/local/lib/python3.9/logging/__init__.py", line 1589, in _log
    self.handle(record)
  File "/usr/local/lib/python3.9/logging/__init__.py", line 1599, in handle
    self.callHandlers(record)
  File "/usr/local/lib/python3.9/logging/__init__.py", line 1661, in callHandlers
    hdlr.handle(record)
  File "/usr/local/lib/python3.9/logging/__init__.py", line 952, in handle
    self.emit(record)
  File "/home/airflow/.local/lib/python3.9/site-packages/airflow/utils/log/file_task_handler.py", line 211, in emit
    self.handler.emit(record)
  File "/usr/local/lib/python3.9/logging/__init__.py", line 1187, in emit
    StreamHandler.emit(self, record)
  File "/usr/local/lib/python3.9/logging/__init__.py", line 1091, in emit
    self.handleError(record)
  File "/usr/local/lib/python3.9/logging/__init__.py", line 1004, in handleError
    sys.stderr.write('--- Logging error ---\n')
  File "/home/airflow/.local/lib/python3.9/site-packages/airflow/utils/log/logging_mixin.py", line 161, in write
    self.flush()
  File "/home/airflow/.local/lib/python3.9/site-packages/airflow/utils/log/logging_mixin.py", line 168, in flush
    self._propagate_log(buf)
  File "/home/airflow/.local/lib/python3.9/site-packages/airflow/utils/log/logging_mixin.py", line 149, in _propagate_log
    self.logger.log(self.level, remove_escape_codes(message))
  File "/usr/local/lib/python3.9/logging/__init__.py", line 1512, in log
    self._log(level, msg, args, **kwargs)
  File "/usr/local/lib/python3.9/logging/__init__.py", line 1589, in _log
    self.handle(record)
  File "/usr/local/lib/python3.9/logging/__init__.py", line 1599, in handle
    self.callHandlers(record)
  File "/usr/local/lib/python3.9/logging/__init__.py", line 1661, in callHandlers
    hdlr.handle(record)
  File "/usr/local/lib/python3.9/logging/__init__.py", line 952, in handle
    self.emit(record)
  File "/home/airflow/.local/lib/python3.9/site-packages/airflow/utils/log/file_task_handler.py", line 211, in emit
    self.handler.emit(record)
  File "/usr/local/lib/python3.9/logging/__init__.py", line 1187, in emit
    StreamHandler.emit(self, record)
  File "/usr/local/lib/python3.9/logging/__init__.py", line 1091, in emit
    self.handleError(record)
  File "/usr/local/lib/python3.9/logging/__init__.py", line 1004, in handleError
    sys.stderr.write('--- Logging error ---\n')
  File "/home/airflow/.local/lib/python3.9/site-packages/airflow/utils/log/logging_mixin.py", line 161, in write
    self.flush()
  File "/home/airflow/.local/lib/python3.9/site-packages/airflow/utils/log/logging_mixin.py", line 168, in flush
    self._propagate_log(buf)
  File "/home/airflow/.local/lib/python3.9/site-packages/airflow/utils/log/logging_mixin.py", line 149, in _propagate_log
    self.logger.log(self.level, remove_escape_codes(message))
  File "/usr/local/lib/python3.9/logging/__init__.py", line 1512, in log
    self._log(level, msg, args, **kwargs)
  File "/usr/local/lib/python3.9/logging/__init__.py", line 1589, in _log
    self.handle(record)
  File "/usr/local/lib/python3.9/logging/__init__.py", line 1599, in handle
    self.callHandlers(record)
  File "/usr/local/lib/python3.9/logging/__init__.py", line 1661, in callHandlers
    hdlr.handle(record)
  File "/usr/local/lib/python3.9/logging/__init__.py", line 952, in handle
    self.emit(record)
  File "/home/airflow/.local/lib/python3.9/site-packages/airflow/utils/log/file_task_handler.py", line 211, in emit
    self.handler.emit(record)
  File "/usr/local/lib/python3.9/logging/__init__.py", line 1187, in emit
    StreamHandler.emit(self, record)
  File "/usr/local/lib/python3.9/logging/__init__.py", line 1091, in emit
    self.handleError(record)
  File "/usr/local/lib/python3.9/logging/__init__.py", line 1004, in handleError
    sys.stderr.write('--- Logging error ---\n')
  File "/home/airflow/.local/lib/python3.9/site-packages/airflow/utils/log/logging_mixin.py", line 161, in write
    self.flush()
  File "/home/airflow/.local/lib/python3.9/site-packages/airflow/utils/log/logging_mixin.py", line 168, in flush
    self._propagate_log(buf)
  File "/home/airflow/.local/lib/python3.9/site-packages/airflow/utils/log/logging_mixin.py", line 149, in _propagate_log
    self.logger.log(self.level, remove_escape_codes(message))
  File "/usr/local/lib/python3.9/logging/__init__.py", line 1512, in log
    self._log(level, msg, args, **kwargs)
  File "/usr/local/lib/python3.9/logging/__init__.py", line 1589, in _log
    self.handle(record)
  File "/usr/local/lib/python3.9/logging/__init__.py", line 1599, in handle
    self.callHandlers(record)
  File "/usr/local/lib/python3.9/logging/__init__.py", line 1661, in callHandlers
    hdlr.handle(record)
  File "/usr/local/lib/python3.9/logging/__init__.py", line 952, in handle
    self.emit(record)
  File "/home/airflow/.local/lib/python3.9/site-packages/airflow/utils/log/file_task_handler.py", line 211, in emit
    self.handler.emit(record)
  File "/usr/local/lib/python3.9/logging/__init__.py", line 1187, in emit
    StreamHandler.emit(self, record)
  File "/usr/local/lib/python3.9/logging/__init__.py", line 1091, in emit
    self.handleError(record)
  File "/usr/local/lib/python3.9/logging/__init__.py", line 1004, in handleError
    sys.stderr.write('--- Logging error ---\n')
  File "/home/airflow/.local/lib/python3.9/site-packages/airflow/utils/log/logging_mixin.py", line 161, in write
    self.flush()
  File "/home/airflow/.local/lib/python3.9/site-packages/airflow/utils/log/logging_mixin.py", line 168, in flush
    self._propagate_log(buf)
  File "/home/airflow/.local/lib/python3.9/site-packages/airflow/utils/log/logging_mixin.py", line 149, in _propagate_log
    self.logger.log(self.level, remove_escape_codes(message))
  File "/usr/local/lib/python3.9/logging/__init__.py", line 1512, in log
    self._log(level, msg, args, **kwargs)
  File "/usr/local/lib/python3.9/logging/__init__.py", line 1589, in _log
    self.handle(record)
  File "/usr/local/lib/python3.9/logging/__init__.py", line 1599, in handle
    self.callHandlers(record)
  File "/usr/local/lib/python3.9/logging/__init__.py", line 1661, in callHandlers
    hdlr.handle(record)
  File "/usr/local/lib/python3.9/logging/__init__.py", line 952, in handle
    self.emit(record)
  File "/home/airflow/.local/lib/python3.9/site-packages/airflow/utils/log/file_task_handler.py", line 211, in emit
    self.handler.emit(record)
  File "/usr/local/lib/python3.9/logging/__init__.py", line 1187, in emit
    StreamHandler.emit(self, record)
  File "/usr/local/lib/python3.9/logging/__init__.py", line 1091, in emit
    self.handleError(record)
  File "/usr/local/lib/python3.9/logging/__init__.py", line 1004, in handleError
    sys.stderr.write('--- Logging error ---\n')
  File "/home/airflow/.local/lib/python3.9/site-packages/airflow/utils/log/logging_mixin.py", line 161, in write
    self.flush()
  File "/home/airflow/.local/lib/python3.9/site-packages/airflow/utils/log/logging_mixin.py", line 168, in flush
    self._propagate_log(buf)
  File "/home/airflow/.local/lib/python3.9/site-packages/airflow/utils/log/logging_mixin.py", line 149, in _propagate_log
    self.logger.log(self.level, remove_escape_codes(message))
  File "/usr/local/lib/python3.9/logging/__init__.py", line 1512, in log
    self._log(level, msg, args, **kwargs)
  File "/usr/local/lib/python3.9/logging/__init__.py", line 1589, in _log
    self.handle(record)
  File "/usr/local/lib/python3.9/logging/__init__.py", line 1599, in handle
    self.callHandlers(record)
  File "/usr/local/lib/python3.9/logging/__init__.py", line 1661, in callHandlers
    hdlr.handle(record)
  File "/usr/local/lib/python3.9/logging/__init__.py", line 952, in handle
    self.emit(record)
  File "/home/airflow/.local/lib/python3.9/site-packages/airflow/utils/log/file_task_handler.py", line 211, in emit
    self.handler.emit(record)
  File "/usr/local/lib/python3.9/logging/__init__.py", line 1187, in emit
    StreamHandler.emit(self, record)
  File "/usr/local/lib/python3.9/logging/__init__.py", line 1091, in emit
    self.handleError(record)
  File "/usr/local/lib/python3.9/logging/__init__.py", line 1004, in handleError
    sys.stderr.write('--- Logging error ---\n')
  File "/home/airflow/.local/lib/python3.9/site-packages/airflow/utils/log/logging_mixin.py", line 161, in write
    self.flush()
  File "/home/airflow/.local/lib/python3.9/site-packages/airflow/utils/log/logging_mixin.py", line 168, in flush
    self._propagate_log(buf)
  File "/home/airflow/.local/lib/python3.9/site-packages/airflow/utils/log/logging_mixin.py", line 149, in _propagate_log
    self.logger.log(self.level, remove_escape_codes(message))
  File "/usr/local/lib/python3.9/logging/__init__.py", line 1512, in log
    self._log(level, msg, args, **kwargs)
  File "/usr/local/lib/python3.9/logging/__init__.py", line 1589, in _log
    self.handle(record)
  File "/usr/local/lib/python3.9/logging/__init__.py", line 1599, in handle
    self.callHandlers(record)
  File "/usr/local/lib/python3.9/logging/__init__.py", line 1661, in callHandlers
    hdlr.handle(record)
  File "/usr/local/lib/python3.9/logging/__init__.py", line 952, in handle
    self.emit(record)
  File "/home/airflow/.local/lib/python3.9/site-packages/airflow/utils/log/file_task_handler.py", line 211, in emit
    self.handler.emit(record)
  File "/usr/local/lib/python3.9/logging/__init__.py", line 1187, in emit
    StreamHandler.emit(self, record)
  File "/usr/local/lib/python3.9/logging/__init__.py", line 1091, in emit
    self.handleError(record)
  File "/usr/local/lib/python3.9/logging/__init__.py", line 1004, in handleError
    sys.stderr.write('--- Logging error ---\n')
  File "/home/airflow/.local/lib/python3.9/site-packages/airflow/utils/log/logging_mixin.py", line 161, in write
    self.flush()
  File "/home/airflow/.local/lib/python3.9/site-packages/airflow/utils/log/logging_mixin.py", line 168, in flush
    self._propagate_log(buf)
  File "/home/airflow/.local/lib/python3.9/site-packages/airflow/utils/log/logging_mixin.py", line 149, in _propagate_log
    self.logger.log(self.level, remove_escape_codes(message))
  File "/usr/local/lib/python3.9/logging/__init__.py", line 1512, in log
    self._log(level, msg, args, **kwargs)
  File "/usr/local/lib/python3.9/logging/__init__.py", line 1589, in _log
    self.handle(record)
  File "/usr/local/lib/python3.9/logging/__init__.py", line 1599, in handle
    self.callHandlers(record)
  File "/usr/local/lib/python3.9/logging/__init__.py", line 1661, in callHandlers
    hdlr.handle(record)
  File "/usr/local/lib/python3.9/logging/__init__.py", line 952, in handle
    self.emit(record)
  File "/home/airflow/.local/lib/python3.9/site-packages/airflow/utils/log/file_task_handler.py", line 211, in emit
    self.handler.emit(record)
  File "/usr/local/lib/python3.9/logging/__init__.py", line 1187, in emit
    StreamHandler.emit(self, record)
  File "/usr/local/lib/python3.9/logging/__init__.py", line 1091, in emit
    self.handleError(record)
  File "/usr/local/lib/python3.9/logging/__init__.py", line 1004, in handleError
    sys.stderr.write('--- Logging error ---\n')
  File "/home/airflow/.local/lib/python3.9/site-packages/airflow/utils/log/logging_mixin.py", line 161, in write
    self.flush()
  File "/home/airflow/.local/lib/python3.9/site-packages/airflow/utils/log/logging_mixin.py", line 168, in flush
    self._propagate_log(buf)
  File "/home/airflow/.local/lib/python3.9/site-packages/airflow/utils/log/logging_mixin.py", line 149, in _propagate_log
    self.logger.log(self.level, remove_escape_codes(message))
  File "/usr/local/lib/python3.9/logging/__init__.py", line 1512, in log
    self._log(level, msg, args, **kwargs)
  File "/usr/local/lib/python3.9/logging/__init__.py", line 1589, in _log
    self.handle(record)
  File "/usr/local/lib/python3.9/logging/__init__.py", line 1599, in handle
    self.callHandlers(record)
  File "/usr/local/lib/python3.9/logging/__init__.py", line 1661, in callHandlers
    hdlr.handle(record)
  File "/usr/local/lib/python3.9/logging/__init__.py", line 952, in handle
    self.emit(record)
  File "/home/airflow/.local/lib/python3.9/site-packages/airflow/utils/log/file_task_handler.py", line 211, in emit
    self.handler.emit(record)
  File "/usr/local/lib/python3.9/logging/__init__.py", line 1187, in emit
    StreamHandler.emit(self, record)
  File "/usr/local/lib/python3.9/logging/__init__.py", line 1091, in emit
    self.handleError(record)
  File "/usr/local/lib/python3.9/logging/__init__.py", line 1004, in handleError
    sys.stderr.write('--- Logging error ---\n')
  File "/home/airflow/.local/lib/python3.9/site-packages/airflow/utils/log/logging_mixin.py", line 161, in write
    self.flush()
  File "/home/airflow/.local/lib/python3.9/site-packages/airflow/utils/log/logging_mixin.py", line 168, in flush
    self._propagate_log(buf)
  File "/home/airflow/.local/lib/python3.9/site-packages/airflow/utils/log/logging_mixin.py", line 149, in _propagate_log
    self.logger.log(self.level, remove_escape_codes(message))
  File "/usr/local/lib/python3.9/logging/__init__.py", line 1512, in log
    self._log(level, msg, args, **kwargs)
  File "/usr/local/lib/python3.9/logging/__init__.py", line 1589, in _log
    self.handle(record)
  File "/usr/local/lib/python3.9/logging/__init__.py", line 1599, in handle
    self.callHandlers(record)
  File "/usr/local/lib/python3.9/logging/__init__.py", line 1661, in callHandlers
    hdlr.handle(record)
  File "/usr/local/lib/python3.9/logging/__init__.py", line 952, in handle
    self.emit(record)
  File "/home/airflow/.local/lib/python3.9/site-packages/airflow/utils/log/file_task_handler.py", line 211, in emit
    self.handler.emit(record)
  File "/usr/local/lib/python3.9/logging/__init__.py", line 1187, in emit
    StreamHandler.emit(self, record)
  File "/usr/local/lib/python3.9/logging/__init__.py", line 1091, in emit
    self.handleError(record)
  File "/usr/local/lib/python3.9/logging/__init__.py", line 1004, in handleError
    sys.stderr.write('--- Logging error ---\n')
  File "/home/airflow/.local/lib/python3.9/site-packages/airflow/utils/log/logging_mixin.py", line 161, in write
    self.flush()
  File "/home/airflow/.local/lib/python3.9/site-packages/airflow/utils/log/logging_mixin.py", line 168, in flush
    self._propagate_log(buf)
  File "/home/airflow/.local/lib/python3.9/site-packages/airflow/utils/log/logging_mixin.py", line 149, in _propagate_log
    self.logger.log(self.level, remove_escape_codes(message))
  File "/usr/local/lib/python3.9/logging/__init__.py", line 1512, in log
    self._log(level, msg, args, **kwargs)
  File "/usr/local/lib/python3.9/logging/__init__.py", line 1589, in _log
    self.handle(record)
  File "/usr/local/lib/python3.9/logging/__init__.py", line 1599, in handle
    self.callHandlers(record)
  File "/usr/local/lib/python3.9/logging/__init__.py", line 1661, in callHandlers
    hdlr.handle(record)
  File "/usr/local/lib/python3.9/logging/__init__.py", line 952, in handle
    self.emit(record)
  File "/home/airflow/.local/lib/python3.9/site-packages/airflow/utils/log/file_task_handler.py", line 211, in emit
    self.handler.emit(record)
  File "/usr/local/lib/python3.9/logging/__init__.py", line 1187, in emit
    StreamHandler.emit(self, record)
  File "/usr/local/lib/python3.9/logging/__init__.py", line 1091, in emit
    self.handleError(record)
  File "/usr/local/lib/python3.9/logging/__init__.py", line 1004, in handleError
    sys.stderr.write('--- Logging error ---\n')
  File "/home/airflow/.local/lib/python3.9/site-packages/airflow/utils/log/logging_mixin.py", line 161, in write
    self.flush()
  File "/home/airflow/.local/lib/python3.9/site-packages/airflow/utils/log/logging_mixin.py", line 168, in flush
    self._propagate_log(buf)
  File "/home/airflow/.local/lib/python3.9/site-packages/airflow/utils/log/logging_mixin.py", line 149, in _propagate_log
    self.logger.log(self.level, remove_escape_codes(message))
  File "/usr/local/lib/python3.9/logging/__init__.py", line 1512, in log
    self._log(level, msg, args, **kwargs)
  File "/usr/local/lib/python3.9/logging/__init__.py", line 1589, in _log
    self.handle(record)
  File "/usr/local/lib/python3.9/logging/__init__.py", line 1599, in handle
    self.callHandlers(record)
  File "/usr/local/lib/python3.9/logging/__init__.py", line 1661, in callHandlers
    hdlr.handle(record)
  File "/usr/local/lib/python3.9/logging/__init__.py", line 952, in handle
    self.emit(record)
  File "/home/airflow/.local/lib/python3.9/site-packages/airflow/utils/log/file_task_handler.py", line 211, in emit
    self.handler.emit(record)
  File "/usr/local/lib/python3.9/logging/__init__.py", line 1187, in emit
    StreamHandler.emit(self, record)
  File "/usr/local/lib/python3.9/logging/__init__.py", line 1091, in emit
    self.handleError(record)
  File "/usr/local/lib/python3.9/logging/__init__.py", line 1004, in handleError
    sys.stderr.write('--- Logging error ---\n')
  File "/home/airflow/.local/lib/python3.9/site-packages/airflow/utils/log/logging_mixin.py", line 161, in write
    self.flush()
  File "/home/airflow/.local/lib/python3.9/site-packages/airflow/utils/log/logging_mixin.py", line 168, in flush
    self._propagate_log(buf)
  File "/home/airflow/.local/lib/python3.9/site-packages/airflow/utils/log/logging_mixin.py", line 149, in _propagate_log
    self.logger.log(self.level, remove_escape_codes(message))
  File "/usr/local/lib/python3.9/logging/__init__.py", line 1512, in log
    self._log(level, msg, args, **kwargs)
  File "/usr/local/lib/python3.9/logging/__init__.py", line 1589, in _log
    self.handle(record)
  File "/usr/local/lib/python3.9/logging/__init__.py", line 1599, in handle
    self.callHandlers(record)
  File "/usr/local/lib/python3.9/logging/__init__.py", line 1661, in callHandlers
    hdlr.handle(record)
  File "/usr/local/lib/python3.9/logging/__init__.py", line 952, in handle
    self.emit(record)
  File "/home/airflow/.local/lib/python3.9/site-packages/airflow/utils/log/file_task_handler.py", line 211, in emit
    self.handler.emit(record)
  File "/usr/local/lib/python3.9/logging/__init__.py", line 1187, in emit
    StreamHandler.emit(self, record)
  File "/usr/local/lib/python3.9/logging/__init__.py", line 1091, in emit
    self.handleError(record)
  File "/usr/local/lib/python3.9/logging/__init__.py", line 1004, in handleError
    sys.stderr.write('--- Logging error ---\n')
  File "/home/airflow/.local/lib/python3.9/site-packages/airflow/utils/log/logging_mixin.py", line 161, in write
    self.flush()
  File "/home/airflow/.local/lib/python3.9/site-packages/airflow/utils/log/logging_mixin.py", line 168, in flush
    self._propagate_log(buf)
  File "/home/airflow/.local/lib/python3.9/site-packages/airflow/utils/log/logging_mixin.py", line 149, in _propagate_log
    self.logger.log(self.level, remove_escape_codes(message))
  File "/usr/local/lib/python3.9/logging/__init__.py", line 1512, in log
    self._log(level, msg, args, **kwargs)
  File "/usr/local/lib/python3.9/logging/__init__.py", line 1589, in _log
    self.handle(record)
  File "/usr/local/lib/python3.9/logging/__init__.py", line 1599, in handle
    self.callHandlers(record)
  File "/usr/local/lib/python3.9/logging/__init__.py", line 1661, in callHandlers
    hdlr.handle(record)
  File "/usr/local/lib/python3.9/logging/__init__.py", line 952, in handle
    self.emit(record)
  File "/home/airflow/.local/lib/python3.9/site-packages/airflow/utils/log/file_task_handler.py", line 211, in emit
    self.handler.emit(record)
  File "/usr/local/lib/python3.9/logging/__init__.py", line 1187, in emit
    StreamHandler.emit(self, record)
  File "/usr/local/lib/python3.9/logging/__init__.py", line 1091, in emit
    self.handleError(record)
  File "/usr/local/lib/python3.9/logging/__init__.py", line 1004, in handleError
    sys.stderr.write('--- Logging error ---\n')
  File "/home/airflow/.local/lib/python3.9/site-packages/airflow/utils/log/logging_mixin.py", line 161, in write
    self.flush()
  File "/home/airflow/.local/lib/python3.9/site-packages/airflow/utils/log/logging_mixin.py", line 168, in flush
    self._propagate_log(buf)
  File "/home/airflow/.local/lib/python3.9/site-packages/airflow/utils/log/logging_mixin.py", line 149, in _propagate_log
    self.logger.log(self.level, remove_escape_codes(message))
  File "/usr/local/lib/python3.9/logging/__init__.py", line 1512, in log
    self._log(level, msg, args, **kwargs)
  File "/usr/local/lib/python3.9/logging/__init__.py", line 1589, in _log
    self.handle(record)
  File "/usr/local/lib/python3.9/logging/__init__.py", line 1599, in handle
    self.callHandlers(record)
  File "/usr/local/lib/python3.9/logging/__init__.py", line 1661, in callHandlers
    hdlr.handle(record)
  File "/usr/local/lib/python3.9/logging/__init__.py", line 952, in handle
    self.emit(record)
  File "/home/airflow/.local/lib/python3.9/site-packages/airflow/utils/log/file_task_handler.py", line 211, in emit
    self.handler.emit(record)
  File "/usr/local/lib/python3.9/logging/__init__.py", line 1187, in emit
    StreamHandler.emit(self, record)
  File "/usr/local/lib/python3.9/logging/__init__.py", line 1091, in emit
    self.handleError(record)
  File "/usr/local/lib/python3.9/logging/__init__.py", line 1004, in handleError
    sys.stderr.write('--- Logging error ---\n')
  File "/home/airflow/.local/lib/python3.9/site-packages/airflow/utils/log/logging_mixin.py", line 161, in write
    self.flush()
  File "/home/airflow/.local/lib/python3.9/site-packages/airflow/utils/log/logging_mixin.py", line 168, in flush
    self._propagate_log(buf)
  File "/home/airflow/.local/lib/python3.9/site-packages/airflow/utils/log/logging_mixin.py", line 149, in _propagate_log
    self.logger.log(self.level, remove_escape_codes(message))
  File "/usr/local/lib/python3.9/logging/__init__.py", line 1512, in log
    self._log(level, msg, args, **kwargs)
  File "/usr/local/lib/python3.9/logging/__init__.py", line 1589, in _log
    self.handle(record)
  File "/usr/local/lib/python3.9/logging/__init__.py", line 1599, in handle
    self.callHandlers(record)
  File "/usr/local/lib/python3.9/logging/__init__.py", line 1661, in callHandlers
    hdlr.handle(record)
  File "/usr/local/lib/python3.9/logging/__init__.py", line 952, in handle
    self.emit(record)
  File "/home/airflow/.local/lib/python3.9/site-packages/airflow/utils/log/file_task_handler.py", line 211, in emit
    self.handler.emit(record)
  File "/usr/local/lib/python3.9/logging/__init__.py", line 1187, in emit
    StreamHandler.emit(self, record)
  File "/usr/local/lib/python3.9/logging/__init__.py", line 1091, in emit
    self.handleError(record)
  File "/usr/local/lib/python3.9/logging/__init__.py", line 1004, in handleError
    sys.stderr.write('--- Logging error ---\n')
  File "/home/airflow/.local/lib/python3.9/site-packages/airflow/utils/log/logging_mixin.py", line 161, in write
    self.flush()
  File "/home/airflow/.local/lib/python3.9/site-packages/airflow/utils/log/logging_mixin.py", line 168, in flush
    self._propagate_log(buf)
  File "/home/airflow/.local/lib/python3.9/site-packages/airflow/utils/log/logging_mixin.py", line 149, in _propagate_log
    self.logger.log(self.level, remove_escape_codes(message))
  File "/usr/local/lib/python3.9/logging/__init__.py", line 1512, in log
    self._log(level, msg, args, **kwargs)
  File "/usr/local/lib/python3.9/logging/__init__.py", line 1589, in _log
    self.handle(record)
  File "/usr/local/lib/python3.9/logging/__init__.py", line 1599, in handle
    self.callHandlers(record)
  File "/usr/local/lib/python3.9/logging/__init__.py", line 1661, in callHandlers
    hdlr.handle(record)
  File "/usr/local/lib/python3.9/logging/__init__.py", line 952, in handle
    self.emit(record)
  File "/home/airflow/.local/lib/python3.9/site-packages/airflow/utils/log/file_task_handler.py", line 211, in emit
    self.handler.emit(record)
  File "/usr/local/lib/python3.9/logging/__init__.py", line 1187, in emit
    StreamHandler.emit(self, record)
  File "/usr/local/lib/python3.9/logging/__init__.py", line 1091, in emit
    self.handleError(record)
  File "/usr/local/lib/python3.9/logging/__init__.py", line 1004, in handleError
    sys.stderr.write('--- Logging error ---\n')
  File "/home/airflow/.local/lib/python3.9/site-packages/airflow/utils/log/logging_mixin.py", line 161, in write
    self.flush()
  File "/home/airflow/.local/lib/python3.9/site-packages/airflow/utils/log/logging_mixin.py", line 168, in flush
    self._propagate_log(buf)
  File "/home/airflow/.local/lib/python3.9/site-packages/airflow/utils/log/logging_mixin.py", line 149, in _propagate_log
    self.logger.log(self.level, remove_escape_codes(message))
  File "/usr/local/lib/python3.9/logging/__init__.py", line 1512, in log
    self._log(level, msg, args, **kwargs)
  File "/usr/local/lib/python3.9/logging/__init__.py", line 1589, in _log
    self.handle(record)
  File "/usr/local/lib/python3.9/logging/__init__.py", line 1599, in handle
    self.callHandlers(record)
  File "/usr/local/lib/python3.9/logging/__init__.py", line 1661, in callHandlers
    hdlr.handle(record)
  File "/usr/local/lib/python3.9/logging/__init__.py", line 952, in handle
    self.emit(record)
  File "/home/airflow/.local/lib/python3.9/site-packages/airflow/utils/log/file_task_handler.py", line 211, in emit
    self.handler.emit(record)
  File "/usr/local/lib/python3.9/logging/__init__.py", line 1187, in emit
    StreamHandler.emit(self, record)
  File "/usr/local/lib/python3.9/logging/__init__.py", line 1091, in emit
    self.handleError(record)
  File "/usr/local/lib/python3.9/logging/__init__.py", line 1004, in handleError
    sys.stderr.write('--- Logging error ---\n')
  File "/home/airflow/.local/lib/python3.9/site-packages/airflow/utils/log/logging_mixin.py", line 161, in write
    self.flush()
  File "/home/airflow/.local/lib/python3.9/site-packages/airflow/utils/log/logging_mixin.py", line 168, in flush
    self._propagate_log(buf)
  File "/home/airflow/.local/lib/python3.9/site-packages/airflow/utils/log/logging_mixin.py", line 149, in _propagate_log
    self.logger.log(self.level, remove_escape_codes(message))
  File "/usr/local/lib/python3.9/logging/__init__.py", line 1512, in log
    self._log(level, msg, args, **kwargs)
  File "/usr/local/lib/python3.9/logging/__init__.py", line 1589, in _log
    self.handle(record)
  File "/usr/local/lib/python3.9/logging/__init__.py", line 1599, in handle
    self.callHandlers(record)
  File "/usr/local/lib/python3.9/logging/__init__.py", line 1661, in callHandlers
    hdlr.handle(record)
  File "/usr/local/lib/python3.9/logging/__init__.py", line 952, in handle
    self.emit(record)
  File "/home/airflow/.local/lib/python3.9/site-packages/airflow/utils/log/file_task_handler.py", line 211, in emit
    self.handler.emit(record)
  File "/usr/local/lib/python3.9/logging/__init__.py", line 1187, in emit
    StreamHandler.emit(self, record)
  File "/usr/local/lib/python3.9/logging/__init__.py", line 1091, in emit
    self.handleError(record)
  File "/usr/local/lib/python3.9/logging/__init__.py", line 1004, in handleError
    sys.stderr.write('--- Logging error ---\n')
  File "/home/airflow/.local/lib/python3.9/site-packages/airflow/utils/log/logging_mixin.py", line 161, in write
    self.flush()
  File "/home/airflow/.local/lib/python3.9/site-packages/airflow/utils/log/logging_mixin.py", line 168, in flush
    self._propagate_log(buf)
  File "/home/airflow/.local/lib/python3.9/site-packages/airflow/utils/log/logging_mixin.py", line 149, in _propagate_log
    self.logger.log(self.level, remove_escape_codes(message))
  File "/usr/local/lib/python3.9/logging/__init__.py", line 1512, in log
    self._log(level, msg, args, **kwargs)
  File "/usr/local/lib/python3.9/logging/__init__.py", line 1589, in _log
    self.handle(record)
  File "/usr/local/lib/python3.9/logging/__init__.py", line 1599, in handle
    self.callHandlers(record)
  File "/usr/local/lib/python3.9/logging/__init__.py", line 1661, in callHandlers
    hdlr.handle(record)
  File "/usr/local/lib/python3.9/logging/__init__.py", line 952, in handle
    self.emit(record)
  File "/home/airflow/.local/lib/python3.9/site-packages/airflow/utils/log/file_task_handler.py", line 211, in emit
    self.handler.emit(record)
  File "/usr/local/lib/python3.9/logging/__init__.py", line 1187, in emit
    StreamHandler.emit(self, record)
  File "/usr/local/lib/python3.9/logging/__init__.py", line 1091, in emit
    self.handleError(record)
  File "/usr/local/lib/python3.9/logging/__init__.py", line 1004, in handleError
    sys.stderr.write('--- Logging error ---\n')
  File "/home/airflow/.local/lib/python3.9/site-packages/airflow/utils/log/logging_mixin.py", line 161, in write
    self.flush()
  File "/home/airflow/.local/lib/python3.9/site-packages/airflow/utils/log/logging_mixin.py", line 168, in flush
    self._propagate_log(buf)
  File "/home/airflow/.local/lib/python3.9/site-packages/airflow/utils/log/logging_mixin.py", line 149, in _propagate_log
    self.logger.log(self.level, remove_escape_codes(message))
  File "/usr/local/lib/python3.9/logging/__init__.py", line 1512, in log
    self._log(level, msg, args, **kwargs)
  File "/usr/local/lib/python3.9/logging/__init__.py", line 1589, in _log
    self.handle(record)
  File "/usr/local/lib/python3.9/logging/__init__.py", line 1599, in handle
    self.callHandlers(record)
  File "/usr/local/lib/python3.9/logging/__init__.py", line 1661, in callHandlers
    hdlr.handle(record)
  File "/usr/local/lib/python3.9/logging/__init__.py", line 952, in handle
    self.emit(record)
  File "/home/airflow/.local/lib/python3.9/site-packages/airflow/utils/log/file_task_handler.py", line 211, in emit
    self.handler.emit(record)
  File "/usr/local/lib/python3.9/logging/__init__.py", line 1187, in emit
    StreamHandler.emit(self, record)
  File "/usr/local/lib/python3.9/logging/__init__.py", line 1091, in emit
    self.handleError(record)
  File "/usr/local/lib/python3.9/logging/__init__.py", line 1004, in handleError
    sys.stderr.write('--- Logging error ---\n')
  File "/home/airflow/.local/lib/python3.9/site-packages/airflow/utils/log/logging_mixin.py", line 161, in write
    self.flush()
  File "/home/airflow/.local/lib/python3.9/site-packages/airflow/utils/log/logging_mixin.py", line 168, in flush
    self._propagate_log(buf)
  File "/home/airflow/.local/lib/python3.9/site-packages/airflow/utils/log/logging_mixin.py", line 149, in _propagate_log
    self.logger.log(self.level, remove_escape_codes(message))
  File "/usr/local/lib/python3.9/logging/__init__.py", line 1512, in log
    self._log(level, msg, args, **kwargs)
  File "/usr/local/lib/python3.9/logging/__init__.py", line 1589, in _log
    self.handle(record)
  File "/usr/local/lib/python3.9/logging/__init__.py", line 1599, in handle
    self.callHandlers(record)
  File "/usr/local/lib/python3.9/logging/__init__.py", line 1661, in callHandlers
    hdlr.handle(record)
  File "/usr/local/lib/python3.9/logging/__init__.py", line 952, in handle
    self.emit(record)
  File "/home/airflow/.local/lib/python3.9/site-packages/airflow/utils/log/file_task_handler.py", line 211, in emit
    self.handler.emit(record)
  File "/usr/local/lib/python3.9/logging/__init__.py", line 1187, in emit
    StreamHandler.emit(self, record)
  File "/usr/local/lib/python3.9/logging/__init__.py", line 1091, in emit
    self.handleError(record)
  File "/usr/local/lib/python3.9/logging/__init__.py", line 1004, in handleError
    sys.stderr.write('--- Logging error ---\n')
  File "/home/airflow/.local/lib/python3.9/site-packages/airflow/utils/log/logging_mixin.py", line 161, in write
    self.flush()
  File "/home/airflow/.local/lib/python3.9/site-packages/airflow/utils/log/logging_mixin.py", line 168, in flush
    self._propagate_log(buf)
  File "/home/airflow/.local/lib/python3.9/site-packages/airflow/utils/log/logging_mixin.py", line 149, in _propagate_log
    self.logger.log(self.level, remove_escape_codes(message))
  File "/usr/local/lib/python3.9/logging/__init__.py", line 1512, in log
    self._log(level, msg, args, **kwargs)
  File "/usr/local/lib/python3.9/logging/__init__.py", line 1589, in _log
    self.handle(record)
  File "/usr/local/lib/python3.9/logging/__init__.py", line 1599, in handle
    self.callHandlers(record)
  File "/usr/local/lib/python3.9/logging/__init__.py", line 1661, in callHandlers
    hdlr.handle(record)
  File "/usr/local/lib/python3.9/logging/__init__.py", line 952, in handle
    self.emit(record)
  File "/home/airflow/.local/lib/python3.9/site-packages/airflow/utils/log/file_task_handler.py", line 211, in emit
    self.handler.emit(record)
  File "/usr/local/lib/python3.9/logging/__init__.py", line 1187, in emit
    StreamHandler.emit(self, record)
  File "/usr/local/lib/python3.9/logging/__init__.py", line 1091, in emit
    self.handleError(record)
  File "/usr/local/lib/python3.9/logging/__init__.py", line 1004, in handleError
    sys.stderr.write('--- Logging error ---\n')
  File "/home/airflow/.local/lib/python3.9/site-packages/airflow/utils/log/logging_mixin.py", line 161, in write
    self.flush()
  File "/home/airflow/.local/lib/python3.9/site-packages/airflow/utils/log/logging_mixin.py", line 168, in flush
    self._propagate_log(buf)
  File "/home/airflow/.local/lib/python3.9/site-packages/airflow/utils/log/logging_mixin.py", line 149, in _propagate_log
    self.logger.log(self.level, remove_escape_codes(message))
  File "/usr/local/lib/python3.9/logging/__init__.py", line 1512, in log
    self._log(level, msg, args, **kwargs)
  File "/usr/local/lib/python3.9/logging/__init__.py", line 1589, in _log
    self.handle(record)
  File "/usr/local/lib/python3.9/logging/__init__.py", line 1599, in handle
    self.callHandlers(record)
  File "/usr/local/lib/python3.9/logging/__init__.py", line 1661, in callHandlers
    hdlr.handle(record)
  File "/usr/local/lib/python3.9/logging/__init__.py", line 952, in handle
    self.emit(record)
  File "/home/airflow/.local/lib/python3.9/site-packages/airflow/utils/log/file_task_handler.py", line 211, in emit
    self.handler.emit(record)
  File "/usr/local/lib/python3.9/logging/__init__.py", line 1187, in emit
    StreamHandler.emit(self, record)
  File "/usr/local/lib/python3.9/logging/__init__.py", line 1091, in emit
    self.handleError(record)
  File "/usr/local/lib/python3.9/logging/__init__.py", line 1004, in handleError
    sys.stderr.write('--- Logging error ---\n')
  File "/home/airflow/.local/lib/python3.9/site-packages/airflow/utils/log/logging_mixin.py", line 161, in write
    self.flush()
  File "/home/airflow/.local/lib/python3.9/site-packages/airflow/utils/log/logging_mixin.py", line 168, in flush
    self._propagate_log(buf)
  File "/home/airflow/.local/lib/python3.9/site-packages/airflow/utils/log/logging_mixin.py", line 149, in _propagate_log
    self.logger.log(self.level, remove_escape_codes(message))
  File "/usr/local/lib/python3.9/logging/__init__.py", line 1512, in log
    self._log(level, msg, args, **kwargs)
  File "/usr/local/lib/python3.9/logging/__init__.py", line 1589, in _log
    self.handle(record)
  File "/usr/local/lib/python3.9/logging/__init__.py", line 1599, in handle
    self.callHandlers(record)
  File "/usr/local/lib/python3.9/logging/__init__.py", line 1661, in callHandlers
    hdlr.handle(record)
  File "/usr/local/lib/python3.9/logging/__init__.py", line 952, in handle
    self.emit(record)
  File "/home/airflow/.local/lib/python3.9/site-packages/airflow/utils/log/file_task_handler.py", line 211, in emit
    self.handler.emit(record)
  File "/usr/local/lib/python3.9/logging/__init__.py", line 1187, in emit
    StreamHandler.emit(self, record)
  File "/usr/local/lib/python3.9/logging/__init__.py", line 1091, in emit
    self.handleError(record)
  File "/usr/local/lib/python3.9/logging/__init__.py", line 1004, in handleError
    sys.stderr.write('--- Logging error ---\n')
  File "/home/airflow/.local/lib/python3.9/site-packages/airflow/utils/log/logging_mixin.py", line 161, in write
    self.flush()
  File "/home/airflow/.local/lib/python3.9/site-packages/airflow/utils/log/logging_mixin.py", line 168, in flush
    self._propagate_log(buf)
  File "/home/airflow/.local/lib/python3.9/site-packages/airflow/utils/log/logging_mixin.py", line 149, in _propagate_log
    self.logger.log(self.level, remove_escape_codes(message))
  File "/usr/local/lib/python3.9/logging/__init__.py", line 1512, in log
    self._log(level, msg, args, **kwargs)
  File "/usr/local/lib/python3.9/logging/__init__.py", line 1589, in _log
    self.handle(record)
  File "/usr/local/lib/python3.9/logging/__init__.py", line 1599, in handle
    self.callHandlers(record)
  File "/usr/local/lib/python3.9/logging/__init__.py", line 1661, in callHandlers
    hdlr.handle(record)
  File "/usr/local/lib/python3.9/logging/__init__.py", line 952, in handle
    self.emit(record)
  File "/home/airflow/.local/lib/python3.9/site-packages/airflow/utils/log/file_task_handler.py", line 211, in emit
    self.handler.emit(record)
  File "/usr/local/lib/python3.9/logging/__init__.py", line 1187, in emit
    StreamHandler.emit(self, record)
  File "/usr/local/lib/python3.9/logging/__init__.py", line 1091, in emit
    self.handleError(record)
  File "/usr/local/lib/python3.9/logging/__init__.py", line 1004, in handleError
    sys.stderr.write('--- Logging error ---\n')
  File "/home/airflow/.local/lib/python3.9/site-packages/airflow/utils/log/logging_mixin.py", line 161, in write
    self.flush()
  File "/home/airflow/.local/lib/python3.9/site-packages/airflow/utils/log/logging_mixin.py", line 168, in flush
    self._propagate_log(buf)
  File "/home/airflow/.local/lib/python3.9/site-packages/airflow/utils/log/logging_mixin.py", line 149, in _propagate_log
    self.logger.log(self.level, remove_escape_codes(message))
  File "/usr/local/lib/python3.9/logging/__init__.py", line 1512, in log
    self._log(level, msg, args, **kwargs)
  File "/usr/local/lib/python3.9/logging/__init__.py", line 1589, in _log
    self.handle(record)
  File "/usr/local/lib/python3.9/logging/__init__.py", line 1599, in handle
    self.callHandlers(record)
  File "/usr/local/lib/python3.9/logging/__init__.py", line 1661, in callHandlers
    hdlr.handle(record)
  File "/usr/local/lib/python3.9/logging/__init__.py", line 952, in handle
    self.emit(record)
  File "/home/airflow/.local/lib/python3.9/site-packages/airflow/utils/log/file_task_handler.py", line 211, in emit
    self.handler.emit(record)
  File "/usr/local/lib/python3.9/logging/__init__.py", line 1187, in emit
    StreamHandler.emit(self, record)
  File "/usr/local/lib/python3.9/logging/__init__.py", line 1091, in emit
    self.handleError(record)
  File "/usr/local/lib/python3.9/logging/__init__.py", line 1004, in handleError
    sys.stderr.write('--- Logging error ---\n')
  File "/home/airflow/.local/lib/python3.9/site-packages/airflow/utils/log/logging_mixin.py", line 161, in write
    self.flush()
  File "/home/airflow/.local/lib/python3.9/site-packages/airflow/utils/log/logging_mixin.py", line 168, in flush
    self._propagate_log(buf)
  File "/home/airflow/.local/lib/python3.9/site-packages/airflow/utils/log/logging_mixin.py", line 149, in _propagate_log
    self.logger.log(self.level, remove_escape_codes(message))
  File "/usr/local/lib/python3.9/logging/__init__.py", line 1512, in log
    self._log(level, msg, args, **kwargs)
  File "/usr/local/lib/python3.9/logging/__init__.py", line 1589, in _log
    self.handle(record)
  File "/usr/local/lib/python3.9/logging/__init__.py", line 1599, in handle
    self.callHandlers(record)
  File "/usr/local/lib/python3.9/logging/__init__.py", line 1661, in callHandlers
    hdlr.handle(record)
  File "/usr/local/lib/python3.9/logging/__init__.py", line 952, in handle
    self.emit(record)
  File "/home/airflow/.local/lib/python3.9/site-packages/airflow/utils/log/file_task_handler.py", line 211, in emit
    self.handler.emit(record)
  File "/usr/local/lib/python3.9/logging/__init__.py", line 1187, in emit
    StreamHandler.emit(self, record)
  File "/usr/local/lib/python3.9/logging/__init__.py", line 1091, in emit
    self.handleError(record)
  File "/usr/local/lib/python3.9/logging/__init__.py", line 1004, in handleError
    sys.stderr.write('--- Logging error ---\n')
  File "/home/airflow/.local/lib/python3.9/site-packages/airflow/utils/log/logging_mixin.py", line 161, in write
    self.flush()
  File "/home/airflow/.local/lib/python3.9/site-packages/airflow/utils/log/logging_mixin.py", line 168, in flush
    self._propagate_log(buf)
  File "/home/airflow/.local/lib/python3.9/site-packages/airflow/utils/log/logging_mixin.py", line 149, in _propagate_log
    self.logger.log(self.level, remove_escape_codes(message))
  File "/usr/local/lib/python3.9/logging/__init__.py", line 1512, in log
    self._log(level, msg, args, **kwargs)
  File "/usr/local/lib/python3.9/logging/__init__.py", line 1589, in _log
    self.handle(record)
  File "/usr/local/lib/python3.9/logging/__init__.py", line 1599, in handle
    self.callHandlers(record)
  File "/usr/local/lib/python3.9/logging/__init__.py", line 1661, in callHandlers
    hdlr.handle(record)
  File "/usr/local/lib/python3.9/logging/__init__.py", line 952, in handle
    self.emit(record)
  File "/home/airflow/.local/lib/python3.9/site-packages/airflow/utils/log/file_task_handler.py", line 211, in emit
    self.handler.emit(record)
  File "/usr/local/lib/python3.9/logging/__init__.py", line 1187, in emit
    StreamHandler.emit(self, record)
  File "/usr/local/lib/python3.9/logging/__init__.py", line 1091, in emit
    self.handleError(record)
  File "/usr/local/lib/python3.9/logging/__init__.py", line 1004, in handleError
    sys.stderr.write('--- Logging error ---\n')
  File "/home/airflow/.local/lib/python3.9/site-packages/airflow/utils/log/logging_mixin.py", line 161, in write
    self.flush()
  File "/home/airflow/.local/lib/python3.9/site-packages/airflow/utils/log/logging_mixin.py", line 168, in flush
    self._propagate_log(buf)
  File "/home/airflow/.local/lib/python3.9/site-packages/airflow/utils/log/logging_mixin.py", line 149, in _propagate_log
    self.logger.log(self.level, remove_escape_codes(message))
  File "/usr/local/lib/python3.9/logging/__init__.py", line 1512, in log
    self._log(level, msg, args, **kwargs)
  File "/usr/local/lib/python3.9/logging/__init__.py", line 1589, in _log
    self.handle(record)
  File "/usr/local/lib/python3.9/logging/__init__.py", line 1599, in handle
    self.callHandlers(record)
  File "/usr/local/lib/python3.9/logging/__init__.py", line 1661, in callHandlers
    hdlr.handle(record)
  File "/usr/local/lib/python3.9/logging/__init__.py", line 952, in handle
    self.emit(record)
  File "/home/airflow/.local/lib/python3.9/site-packages/airflow/utils/log/file_task_handler.py", line 211, in emit
    self.handler.emit(record)
  File "/usr/local/lib/python3.9/logging/__init__.py", line 1187, in emit
    StreamHandler.emit(self, record)
  File "/usr/local/lib/python3.9/logging/__init__.py", line 1091, in emit
    self.handleError(record)
  File "/usr/local/lib/python3.9/logging/__init__.py", line 1004, in handleError
    sys.stderr.write('--- Logging error ---\n')
  File "/home/airflow/.local/lib/python3.9/site-packages/airflow/utils/log/logging_mixin.py", line 161, in write
    self.flush()
  File "/home/airflow/.local/lib/python3.9/site-packages/airflow/utils/log/logging_mixin.py", line 168, in flush
    self._propagate_log(buf)
  File "/home/airflow/.local/lib/python3.9/site-packages/airflow/utils/log/logging_mixin.py", line 149, in _propagate_log
    self.logger.log(self.level, remove_escape_codes(message))
  File "/usr/local/lib/python3.9/logging/__init__.py", line 1512, in log
    self._log(level, msg, args, **kwargs)
  File "/usr/local/lib/python3.9/logging/__init__.py", line 1589, in _log
    self.handle(record)
  File "/usr/local/lib/python3.9/logging/__init__.py", line 1599, in handle
    self.callHandlers(record)
  File "/usr/local/lib/python3.9/logging/__init__.py", line 1661, in callHandlers
    hdlr.handle(record)
  File "/usr/local/lib/python3.9/logging/__init__.py", line 952, in handle
    self.emit(record)
  File "/home/airflow/.local/lib/python3.9/site-packages/airflow/utils/log/file_task_handler.py", line 211, in emit
    self.handler.emit(record)
  File "/usr/local/lib/python3.9/logging/__init__.py", line 1187, in emit
    StreamHandler.emit(self, record)
  File "/usr/local/lib/python3.9/logging/__init__.py", line 1091, in emit
    self.handleError(record)
  File "/usr/local/lib/python3.9/logging/__init__.py", line 1004, in handleError
    sys.stderr.write('--- Logging error ---\n')
  File "/home/airflow/.local/lib/python3.9/site-packages/airflow/utils/log/logging_mixin.py", line 161, in write
    self.flush()
  File "/home/airflow/.local/lib/python3.9/site-packages/airflow/utils/log/logging_mixin.py", line 168, in flush
    self._propagate_log(buf)
  File "/home/airflow/.local/lib/python3.9/site-packages/airflow/utils/log/logging_mixin.py", line 149, in _propagate_log
    self.logger.log(self.level, remove_escape_codes(message))
  File "/usr/local/lib/python3.9/logging/__init__.py", line 1512, in log
    self._log(level, msg, args, **kwargs)
  File "/usr/local/lib/python3.9/logging/__init__.py", line 1589, in _log
    self.handle(record)
  File "/usr/local/lib/python3.9/logging/__init__.py", line 1599, in handle
    self.callHandlers(record)
  File "/usr/local/lib/python3.9/logging/__init__.py", line 1661, in callHandlers
    hdlr.handle(record)
  File "/usr/local/lib/python3.9/logging/__init__.py", line 952, in handle
    self.emit(record)
  File "/home/airflow/.local/lib/python3.9/site-packages/airflow/utils/log/file_task_handler.py", line 211, in emit
    self.handler.emit(record)
  File "/usr/local/lib/python3.9/logging/__init__.py", line 1187, in emit
    StreamHandler.emit(self, record)
  File "/usr/local/lib/python3.9/logging/__init__.py", line 1091, in emit
    self.handleError(record)
  File "/usr/local/lib/python3.9/logging/__init__.py", line 1004, in handleError
    sys.stderr.write('--- Logging error ---\n')
  File "/home/airflow/.local/lib/python3.9/site-packages/airflow/utils/log/logging_mixin.py", line 161, in write
    self.flush()
  File "/home/airflow/.local/lib/python3.9/site-packages/airflow/utils/log/logging_mixin.py", line 168, in flush
    self._propagate_log(buf)
  File "/home/airflow/.local/lib/python3.9/site-packages/airflow/utils/log/logging_mixin.py", line 149, in _propagate_log
    self.logger.log(self.level, remove_escape_codes(message))
  File "/usr/local/lib/python3.9/logging/__init__.py", line 1512, in log
    self._log(level, msg, args, **kwargs)
  File "/usr/local/lib/python3.9/logging/__init__.py", line 1589, in _log
    self.handle(record)
  File "/usr/local/lib/python3.9/logging/__init__.py", line 1599, in handle
    self.callHandlers(record)
  File "/usr/local/lib/python3.9/logging/__init__.py", line 1661, in callHandlers
    hdlr.handle(record)
  File "/usr/local/lib/python3.9/logging/__init__.py", line 952, in handle
    self.emit(record)
  File "/home/airflow/.local/lib/python3.9/site-packages/airflow/utils/log/file_task_handler.py", line 211, in emit
    self.handler.emit(record)
  File "/usr/local/lib/python3.9/logging/__init__.py", line 1187, in emit
    StreamHandler.emit(self, record)
  File "/usr/local/lib/python3.9/logging/__init__.py", line 1091, in emit
    self.handleError(record)
  File "/usr/local/lib/python3.9/logging/__init__.py", line 1004, in handleError
    sys.stderr.write('--- Logging error ---\n')
  File "/home/airflow/.local/lib/python3.9/site-packages/airflow/utils/log/logging_mixin.py", line 161, in write
    self.flush()
  File "/home/airflow/.local/lib/python3.9/site-packages/airflow/utils/log/logging_mixin.py", line 168, in flush
    self._propagate_log(buf)
  File "/home/airflow/.local/lib/python3.9/site-packages/airflow/utils/log/logging_mixin.py", line 149, in _propagate_log
    self.logger.log(self.level, remove_escape_codes(message))
  File "/usr/local/lib/python3.9/logging/__init__.py", line 1512, in log
    self._log(level, msg, args, **kwargs)
  File "/usr/local/lib/python3.9/logging/__init__.py", line 1589, in _log
    self.handle(record)
  File "/usr/local/lib/python3.9/logging/__init__.py", line 1599, in handle
    self.callHandlers(record)
  File "/usr/local/lib/python3.9/logging/__init__.py", line 1661, in callHandlers
    hdlr.handle(record)
  File "/usr/local/lib/python3.9/logging/__init__.py", line 952, in handle
    self.emit(record)
  File "/home/airflow/.local/lib/python3.9/site-packages/airflow/utils/log/file_task_handler.py", line 211, in emit
    self.handler.emit(record)
  File "/usr/local/lib/python3.9/logging/__init__.py", line 1187, in emit
    StreamHandler.emit(self, record)
  File "/usr/local/lib/python3.9/logging/__init__.py", line 1091, in emit
    self.handleError(record)
  File "/usr/local/lib/python3.9/logging/__init__.py", line 1004, in handleError
    sys.stderr.write('--- Logging error ---\n')
  File "/home/airflow/.local/lib/python3.9/site-packages/airflow/utils/log/logging_mixin.py", line 161, in write
    self.flush()
  File "/home/airflow/.local/lib/python3.9/site-packages/airflow/utils/log/logging_mixin.py", line 168, in flush
    self._propagate_log(buf)
  File "/home/airflow/.local/lib/python3.9/site-packages/airflow/utils/log/logging_mixin.py", line 149, in _propagate_log
    self.logger.log(self.level, remove_escape_codes(message))
  File "/usr/local/lib/python3.9/logging/__init__.py", line 1512, in log
    self._log(level, msg, args, **kwargs)
  File "/usr/local/lib/python3.9/logging/__init__.py", line 1589, in _log
    self.handle(record)
  File "/usr/local/lib/python3.9/logging/__init__.py", line 1599, in handle
    self.callHandlers(record)
  File "/usr/local/lib/python3.9/logging/__init__.py", line 1661, in callHandlers
    hdlr.handle(record)
  File "/usr/local/lib/python3.9/logging/__init__.py", line 952, in handle
    self.emit(record)
  File "/home/airflow/.local/lib/python3.9/site-packages/airflow/utils/log/file_task_handler.py", line 211, in emit
    self.handler.emit(record)
  File "/usr/local/lib/python3.9/logging/__init__.py", line 1187, in emit
    StreamHandler.emit(self, record)
  File "/usr/local/lib/python3.9/logging/__init__.py", line 1091, in emit
    self.handleError(record)
  File "/usr/local/lib/python3.9/logging/__init__.py", line 1004, in handleError
    sys.stderr.write('--- Logging error ---\n')
  File "/home/airflow/.local/lib/python3.9/site-packages/airflow/utils/log/logging_mixin.py", line 161, in write
    self.flush()
  File "/home/airflow/.local/lib/python3.9/site-packages/airflow/utils/log/logging_mixin.py", line 168, in flush
    self._propagate_log(buf)
  File "/home/airflow/.local/lib/python3.9/site-packages/airflow/utils/log/logging_mixin.py", line 149, in _propagate_log
    self.logger.log(self.level, remove_escape_codes(message))
  File "/usr/local/lib/python3.9/logging/__init__.py", line 1512, in log
    self._log(level, msg, args, **kwargs)
  File "/usr/local/lib/python3.9/logging/__init__.py", line 1589, in _log
    self.handle(record)
  File "/usr/local/lib/python3.9/logging/__init__.py", line 1599, in handle
    self.callHandlers(record)
  File "/usr/local/lib/python3.9/logging/__init__.py", line 1661, in callHandlers
    hdlr.handle(record)
  File "/usr/local/lib/python3.9/logging/__init__.py", line 952, in handle
    self.emit(record)
  File "/home/airflow/.local/lib/python3.9/site-packages/airflow/utils/log/file_task_handler.py", line 211, in emit
    self.handler.emit(record)
  File "/usr/local/lib/python3.9/logging/__init__.py", line 1187, in emit
    StreamHandler.emit(self, record)
  File "/usr/local/lib/python3.9/logging/__init__.py", line 1091, in emit
    self.handleError(record)
  File "/usr/local/lib/python3.9/logging/__init__.py", line 1004, in handleError
    sys.stderr.write('--- Logging error ---\n')
  File "/home/airflow/.local/lib/python3.9/site-packages/airflow/utils/log/logging_mixin.py", line 161, in write
    self.flush()
  File "/home/airflow/.local/lib/python3.9/site-packages/airflow/utils/log/logging_mixin.py", line 168, in flush
    self._propagate_log(buf)
  File "/home/airflow/.local/lib/python3.9/site-packages/airflow/utils/log/logging_mixin.py", line 149, in _propagate_log
    self.logger.log(self.level, remove_escape_codes(message))
  File "/usr/local/lib/python3.9/logging/__init__.py", line 1512, in log
    self._log(level, msg, args, **kwargs)
  File "/usr/local/lib/python3.9/logging/__init__.py", line 1589, in _log
    self.handle(record)
  File "/usr/local/lib/python3.9/logging/__init__.py", line 1599, in handle
    self.callHandlers(record)
  File "/usr/local/lib/python3.9/logging/__init__.py", line 1661, in callHandlers
    hdlr.handle(record)
  File "/usr/local/lib/python3.9/logging/__init__.py", line 952, in handle
    self.emit(record)
  File "/home/airflow/.local/lib/python3.9/site-packages/airflow/utils/log/file_task_handler.py", line 211, in emit
    self.handler.emit(record)
  File "/usr/local/lib/python3.9/logging/__init__.py", line 1187, in emit
    StreamHandler.emit(self, record)
  File "/usr/local/lib/python3.9/logging/__init__.py", line 1091, in emit
    self.handleError(record)
  File "/usr/local/lib/python3.9/logging/__init__.py", line 1004, in handleError
    sys.stderr.write('--- Logging error ---\n')
  File "/home/airflow/.local/lib/python3.9/site-packages/airflow/utils/log/logging_mixin.py", line 161, in write
    self.flush()
  File "/home/airflow/.local/lib/python3.9/site-packages/airflow/utils/log/logging_mixin.py", line 168, in flush
    self._propagate_log(buf)
  File "/home/airflow/.local/lib/python3.9/site-packages/airflow/utils/log/logging_mixin.py", line 149, in _propagate_log
    self.logger.log(self.level, remove_escape_codes(message))
  File "/usr/local/lib/python3.9/logging/__init__.py", line 1512, in log
    self._log(level, msg, args, **kwargs)
  File "/usr/local/lib/python3.9/logging/__init__.py", line 1589, in _log
    self.handle(record)
  File "/usr/local/lib/python3.9/logging/__init__.py", line 1599, in handle
    self.callHandlers(record)
  File "/usr/local/lib/python3.9/logging/__init__.py", line 1661, in callHandlers
    hdlr.handle(record)
  File "/usr/local/lib/python3.9/logging/__init__.py", line 952, in handle
    self.emit(record)
  File "/home/airflow/.local/lib/python3.9/site-packages/airflow/utils/log/file_task_handler.py", line 211, in emit
    self.handler.emit(record)
  File "/usr/local/lib/python3.9/logging/__init__.py", line 1187, in emit
    StreamHandler.emit(self, record)
  File "/usr/local/lib/python3.9/logging/__init__.py", line 1091, in emit
    self.handleError(record)
  File "/usr/local/lib/python3.9/logging/__init__.py", line 1004, in handleError
    sys.stderr.write('--- Logging error ---\n')
  File "/home/airflow/.local/lib/python3.9/site-packages/airflow/utils/log/logging_mixin.py", line 161, in write
    self.flush()
  File "/home/airflow/.local/lib/python3.9/site-packages/airflow/utils/log/logging_mixin.py", line 168, in flush
    self._propagate_log(buf)
  File "/home/airflow/.local/lib/python3.9/site-packages/airflow/utils/log/logging_mixin.py", line 149, in _propagate_log
    self.logger.log(self.level, remove_escape_codes(message))
  File "/usr/local/lib/python3.9/logging/__init__.py", line 1512, in log
    self._log(level, msg, args, **kwargs)
  File "/usr/local/lib/python3.9/logging/__init__.py", line 1589, in _log
    self.handle(record)
  File "/usr/local/lib/python3.9/logging/__init__.py", line 1599, in handle
    self.callHandlers(record)
  File "/usr/local/lib/python3.9/logging/__init__.py", line 1661, in callHandlers
    hdlr.handle(record)
  File "/usr/local/lib/python3.9/logging/__init__.py", line 952, in handle
    self.emit(record)
  File "/home/airflow/.local/lib/python3.9/site-packages/airflow/utils/log/file_task_handler.py", line 211, in emit
    self.handler.emit(record)
  File "/usr/local/lib/python3.9/logging/__init__.py", line 1187, in emit
    StreamHandler.emit(self, record)
  File "/usr/local/lib/python3.9/logging/__init__.py", line 1091, in emit
    self.handleError(record)
  File "/usr/local/lib/python3.9/logging/__init__.py", line 1004, in handleError
    sys.stderr.write('--- Logging error ---\n')
  File "/home/airflow/.local/lib/python3.9/site-packages/airflow/utils/log/logging_mixin.py", line 161, in write
    self.flush()
  File "/home/airflow/.local/lib/python3.9/site-packages/airflow/utils/log/logging_mixin.py", line 168, in flush
    self._propagate_log(buf)
  File "/home/airflow/.local/lib/python3.9/site-packages/airflow/utils/log/logging_mixin.py", line 149, in _propagate_log
    self.logger.log(self.level, remove_escape_codes(message))
  File "/usr/local/lib/python3.9/logging/__init__.py", line 1512, in log
    self._log(level, msg, args, **kwargs)
  File "/usr/local/lib/python3.9/logging/__init__.py", line 1589, in _log
    self.handle(record)
  File "/usr/local/lib/python3.9/logging/__init__.py", line 1599, in handle
    self.callHandlers(record)
  File "/usr/local/lib/python3.9/logging/__init__.py", line 1661, in callHandlers
    hdlr.handle(record)
  File "/usr/local/lib/python3.9/logging/__init__.py", line 952, in handle
    self.emit(record)
  File "/home/airflow/.local/lib/python3.9/site-packages/airflow/utils/log/file_task_handler.py", line 211, in emit
    self.handler.emit(record)
  File "/usr/local/lib/python3.9/logging/__init__.py", line 1187, in emit
    StreamHandler.emit(self, record)
  File "/usr/local/lib/python3.9/logging/__init__.py", line 1091, in emit
    self.handleError(record)
  File "/usr/local/lib/python3.9/logging/__init__.py", line 1004, in handleError
    sys.stderr.write('--- Logging error ---\n')
  File "/home/airflow/.local/lib/python3.9/site-packages/airflow/utils/log/logging_mixin.py", line 161, in write
    self.flush()
  File "/home/airflow/.local/lib/python3.9/site-packages/airflow/utils/log/logging_mixin.py", line 168, in flush
    self._propagate_log(buf)
  File "/home/airflow/.local/lib/python3.9/site-packages/airflow/utils/log/logging_mixin.py", line 149, in _propagate_log
    self.logger.log(self.level, remove_escape_codes(message))
  File "/usr/local/lib/python3.9/logging/__init__.py", line 1512, in log
    self._log(level, msg, args, **kwargs)
  File "/usr/local/lib/python3.9/logging/__init__.py", line 1589, in _log
    self.handle(record)
  File "/usr/local/lib/python3.9/logging/__init__.py", line 1599, in handle
    self.callHandlers(record)
  File "/usr/local/lib/python3.9/logging/__init__.py", line 1661, in callHandlers
    hdlr.handle(record)
  File "/usr/local/lib/python3.9/logging/__init__.py", line 952, in handle
    self.emit(record)
  File "/home/airflow/.local/lib/python3.9/site-packages/airflow/utils/log/file_task_handler.py", line 211, in emit
    self.handler.emit(record)
  File "/usr/local/lib/python3.9/logging/__init__.py", line 1187, in emit
    StreamHandler.emit(self, record)
  File "/usr/local/lib/python3.9/logging/__init__.py", line 1091, in emit
    self.handleError(record)
  File "/usr/local/lib/python3.9/logging/__init__.py", line 1004, in handleError
    sys.stderr.write('--- Logging error ---\n')
  File "/home/airflow/.local/lib/python3.9/site-packages/airflow/utils/log/logging_mixin.py", line 161, in write
    self.flush()
  File "/home/airflow/.local/lib/python3.9/site-packages/airflow/utils/log/logging_mixin.py", line 168, in flush
    self._propagate_log(buf)
  File "/home/airflow/.local/lib/python3.9/site-packages/airflow/utils/log/logging_mixin.py", line 149, in _propagate_log
    self.logger.log(self.level, remove_escape_codes(message))
  File "/usr/local/lib/python3.9/logging/__init__.py", line 1512, in log
    self._log(level, msg, args, **kwargs)
  File "/usr/local/lib/python3.9/logging/__init__.py", line 1589, in _log
    self.handle(record)
  File "/usr/local/lib/python3.9/logging/__init__.py", line 1599, in handle
    self.callHandlers(record)
  File "/usr/local/lib/python3.9/logging/__init__.py", line 1661, in callHandlers
    hdlr.handle(record)
  File "/usr/local/lib/python3.9/logging/__init__.py", line 952, in handle
    self.emit(record)
  File "/home/airflow/.local/lib/python3.9/site-packages/airflow/utils/log/file_task_handler.py", line 211, in emit
    self.handler.emit(record)
  File "/usr/local/lib/python3.9/logging/__init__.py", line 1187, in emit
    StreamHandler.emit(self, record)
  File "/usr/local/lib/python3.9/logging/__init__.py", line 1091, in emit
    self.handleError(record)
  File "/usr/local/lib/python3.9/logging/__init__.py", line 1004, in handleError
    sys.stderr.write('--- Logging error ---\n')
  File "/home/airflow/.local/lib/python3.9/site-packages/airflow/utils/log/logging_mixin.py", line 161, in write
    self.flush()
  File "/home/airflow/.local/lib/python3.9/site-packages/airflow/utils/log/logging_mixin.py", line 168, in flush
    self._propagate_log(buf)
  File "/home/airflow/.local/lib/python3.9/site-packages/airflow/utils/log/logging_mixin.py", line 149, in _propagate_log
    self.logger.log(self.level, remove_escape_codes(message))
  File "/usr/local/lib/python3.9/logging/__init__.py", line 1512, in log
    self._log(level, msg, args, **kwargs)
  File "/usr/local/lib/python3.9/logging/__init__.py", line 1589, in _log
    self.handle(record)
  File "/usr/local/lib/python3.9/logging/__init__.py", line 1599, in handle
    self.callHandlers(record)
  File "/usr/local/lib/python3.9/logging/__init__.py", line 1661, in callHandlers
    hdlr.handle(record)
  File "/usr/local/lib/python3.9/logging/__init__.py", line 952, in handle
    self.emit(record)
  File "/home/airflow/.local/lib/python3.9/site-packages/airflow/utils/log/file_task_handler.py", line 211, in emit
    self.handler.emit(record)
  File "/usr/local/lib/python3.9/logging/__init__.py", line 1187, in emit
    StreamHandler.emit(self, record)
  File "/usr/local/lib/python3.9/logging/__init__.py", line 1091, in emit
    self.handleError(record)
  File "/usr/local/lib/python3.9/logging/__init__.py", line 1004, in handleError
    sys.stderr.write('--- Logging error ---\n')
  File "/home/airflow/.local/lib/python3.9/site-packages/airflow/utils/log/logging_mixin.py", line 161, in write
    self.flush()
  File "/home/airflow/.local/lib/python3.9/site-packages/airflow/utils/log/logging_mixin.py", line 168, in flush
    self._propagate_log(buf)
  File "/home/airflow/.local/lib/python3.9/site-packages/airflow/utils/log/logging_mixin.py", line 149, in _propagate_log
    self.logger.log(self.level, remove_escape_codes(message))
  File "/usr/local/lib/python3.9/logging/__init__.py", line 1512, in log
    self._log(level, msg, args, **kwargs)
  File "/usr/local/lib/python3.9/logging/__init__.py", line 1589, in _log
    self.handle(record)
  File "/usr/local/lib/python3.9/logging/__init__.py", line 1599, in handle
    self.callHandlers(record)
  File "/usr/local/lib/python3.9/logging/__init__.py", line 1661, in callHandlers
    hdlr.handle(record)
  File "/usr/local/lib/python3.9/logging/__init__.py", line 952, in handle
    self.emit(record)
  File "/home/airflow/.local/lib/python3.9/site-packages/airflow/utils/log/file_task_handler.py", line 211, in emit
    self.handler.emit(record)
  File "/usr/local/lib/python3.9/logging/__init__.py", line 1187, in emit
    StreamHandler.emit(self, record)
  File "/usr/local/lib/python3.9/logging/__init__.py", line 1091, in emit
    self.handleError(record)
  File "/usr/local/lib/python3.9/logging/__init__.py", line 1004, in handleError
    sys.stderr.write('--- Logging error ---\n')
  File "/home/airflow/.local/lib/python3.9/site-packages/airflow/utils/log/logging_mixin.py", line 161, in write
    self.flush()
  File "/home/airflow/.local/lib/python3.9/site-packages/airflow/utils/log/logging_mixin.py", line 168, in flush
    self._propagate_log(buf)
  File "/home/airflow/.local/lib/python3.9/site-packages/airflow/utils/log/logging_mixin.py", line 149, in _propagate_log
    self.logger.log(self.level, remove_escape_codes(message))
  File "/usr/local/lib/python3.9/logging/__init__.py", line 1512, in log
    self._log(level, msg, args, **kwargs)
  File "/usr/local/lib/python3.9/logging/__init__.py", line 1589, in _log
    self.handle(record)
  File "/usr/local/lib/python3.9/logging/__init__.py", line 1599, in handle
    self.callHandlers(record)
  File "/usr/local/lib/python3.9/logging/__init__.py", line 1661, in callHandlers
    hdlr.handle(record)
  File "/usr/local/lib/python3.9/logging/__init__.py", line 952, in handle
    self.emit(record)
  File "/home/airflow/.local/lib/python3.9/site-packages/airflow/utils/log/file_task_handler.py", line 211, in emit
    self.handler.emit(record)
  File "/usr/local/lib/python3.9/logging/__init__.py", line 1187, in emit
    StreamHandler.emit(self, record)
  File "/usr/local/lib/python3.9/logging/__init__.py", line 1091, in emit
    self.handleError(record)
  File "/usr/local/lib/python3.9/logging/__init__.py", line 1004, in handleError
    sys.stderr.write('--- Logging error ---\n')
  File "/home/airflow/.local/lib/python3.9/site-packages/airflow/utils/log/logging_mixin.py", line 161, in write
    self.flush()
  File "/home/airflow/.local/lib/python3.9/site-packages/airflow/utils/log/logging_mixin.py", line 168, in flush
    self._propagate_log(buf)
  File "/home/airflow/.local/lib/python3.9/site-packages/airflow/utils/log/logging_mixin.py", line 149, in _propagate_log
    self.logger.log(self.level, remove_escape_codes(message))
  File "/usr/local/lib/python3.9/logging/__init__.py", line 1512, in log
    self._log(level, msg, args, **kwargs)
  File "/usr/local/lib/python3.9/logging/__init__.py", line 1589, in _log
    self.handle(record)
  File "/usr/local/lib/python3.9/logging/__init__.py", line 1599, in handle
    self.callHandlers(record)
  File "/usr/local/lib/python3.9/logging/__init__.py", line 1661, in callHandlers
    hdlr.handle(record)
  File "/usr/local/lib/python3.9/logging/__init__.py", line 952, in handle
    self.emit(record)
  File "/home/airflow/.local/lib/python3.9/site-packages/airflow/utils/log/file_task_handler.py", line 211, in emit
    self.handler.emit(record)
  File "/usr/local/lib/python3.9/logging/__init__.py", line 1187, in emit
    StreamHandler.emit(self, record)
  File "/usr/local/lib/python3.9/logging/__init__.py", line 1091, in emit
    self.handleError(record)
  File "/usr/local/lib/python3.9/logging/__init__.py", line 1004, in handleError
    sys.stderr.write('--- Logging error ---\n')
  File "/home/airflow/.local/lib/python3.9/site-packages/airflow/utils/log/logging_mixin.py", line 161, in write
    self.flush()
  File "/home/airflow/.local/lib/python3.9/site-packages/airflow/utils/log/logging_mixin.py", line 168, in flush
    self._propagate_log(buf)
  File "/home/airflow/.local/lib/python3.9/site-packages/airflow/utils/log/logging_mixin.py", line 149, in _propagate_log
    self.logger.log(self.level, remove_escape_codes(message))
  File "/usr/local/lib/python3.9/logging/__init__.py", line 1512, in log
    self._log(level, msg, args, **kwargs)
  File "/usr/local/lib/python3.9/logging/__init__.py", line 1589, in _log
    self.handle(record)
  File "/usr/local/lib/python3.9/logging/__init__.py", line 1599, in handle
    self.callHandlers(record)
  File "/usr/local/lib/python3.9/logging/__init__.py", line 1661, in callHandlers
    hdlr.handle(record)
  File "/usr/local/lib/python3.9/logging/__init__.py", line 952, in handle
    self.emit(record)
  File "/home/airflow/.local/lib/python3.9/site-packages/airflow/utils/log/file_task_handler.py", line 211, in emit
    self.handler.emit(record)
  File "/usr/local/lib/python3.9/logging/__init__.py", line 1187, in emit
    StreamHandler.emit(self, record)
  File "/usr/local/lib/python3.9/logging/__init__.py", line 1091, in emit
    self.handleError(record)
  File "/usr/local/lib/python3.9/logging/__init__.py", line 1004, in handleError
    sys.stderr.write('--- Logging error ---\n')
  File "/home/airflow/.local/lib/python3.9/site-packages/airflow/utils/log/logging_mixin.py", line 161, in write
    self.flush()
  File "/home/airflow/.local/lib/python3.9/site-packages/airflow/utils/log/logging_mixin.py", line 168, in flush
    self._propagate_log(buf)
  File "/home/airflow/.local/lib/python3.9/site-packages/airflow/utils/log/logging_mixin.py", line 149, in _propagate_log
    self.logger.log(self.level, remove_escape_codes(message))
  File "/usr/local/lib/python3.9/logging/__init__.py", line 1512, in log
    self._log(level, msg, args, **kwargs)
  File "/usr/local/lib/python3.9/logging/__init__.py", line 1589, in _log
    self.handle(record)
  File "/usr/local/lib/python3.9/logging/__init__.py", line 1599, in handle
    self.callHandlers(record)
  File "/usr/local/lib/python3.9/logging/__init__.py", line 1661, in callHandlers
    hdlr.handle(record)
  File "/usr/local/lib/python3.9/logging/__init__.py", line 952, in handle
    self.emit(record)
  File "/home/airflow/.local/lib/python3.9/site-packages/airflow/utils/log/file_task_handler.py", line 211, in emit
    self.handler.emit(record)
  File "/usr/local/lib/python3.9/logging/__init__.py", line 1187, in emit
    StreamHandler.emit(self, record)
  File "/usr/local/lib/python3.9/logging/__init__.py", line 1091, in emit
    self.handleError(record)
  File "/usr/local/lib/python3.9/logging/__init__.py", line 1004, in handleError
    sys.stderr.write('--- Logging error ---\n')
  File "/home/airflow/.local/lib/python3.9/site-packages/airflow/utils/log/logging_mixin.py", line 161, in write
    self.flush()
  File "/home/airflow/.local/lib/python3.9/site-packages/airflow/utils/log/logging_mixin.py", line 168, in flush
    self._propagate_log(buf)
  File "/home/airflow/.local/lib/python3.9/site-packages/airflow/utils/log/logging_mixin.py", line 149, in _propagate_log
    self.logger.log(self.level, remove_escape_codes(message))
  File "/usr/local/lib/python3.9/logging/__init__.py", line 1512, in log
    self._log(level, msg, args, **kwargs)
  File "/usr/local/lib/python3.9/logging/__init__.py", line 1589, in _log
    self.handle(record)
  File "/usr/local/lib/python3.9/logging/__init__.py", line 1599, in handle
    self.callHandlers(record)
  File "/usr/local/lib/python3.9/logging/__init__.py", line 1661, in callHandlers
    hdlr.handle(record)
  File "/usr/local/lib/python3.9/logging/__init__.py", line 952, in handle
    self.emit(record)
  File "/home/airflow/.local/lib/python3.9/site-packages/airflow/utils/log/file_task_handler.py", line 211, in emit
    self.handler.emit(record)
  File "/usr/local/lib/python3.9/logging/__init__.py", line 1187, in emit
    StreamHandler.emit(self, record)
  File "/usr/local/lib/python3.9/logging/__init__.py", line 1091, in emit
    self.handleError(record)
  File "/usr/local/lib/python3.9/logging/__init__.py", line 1004, in handleError
    sys.stderr.write('--- Logging error ---\n')
  File "/home/airflow/.local/lib/python3.9/site-packages/airflow/utils/log/logging_mixin.py", line 161, in write
    self.flush()
  File "/home/airflow/.local/lib/python3.9/site-packages/airflow/utils/log/logging_mixin.py", line 168, in flush
    self._propagate_log(buf)
  File "/home/airflow/.local/lib/python3.9/site-packages/airflow/utils/log/logging_mixin.py", line 149, in _propagate_log
    self.logger.log(self.level, remove_escape_codes(message))
  File "/usr/local/lib/python3.9/logging/__init__.py", line 1512, in log
    self._log(level, msg, args, **kwargs)
  File "/usr/local/lib/python3.9/logging/__init__.py", line 1589, in _log
    self.handle(record)
  File "/usr/local/lib/python3.9/logging/__init__.py", line 1599, in handle
    self.callHandlers(record)
  File "/usr/local/lib/python3.9/logging/__init__.py", line 1661, in callHandlers
    hdlr.handle(record)
  File "/usr/local/lib/python3.9/logging/__init__.py", line 952, in handle
    self.emit(record)
  File "/home/airflow/.local/lib/python3.9/site-packages/airflow/utils/log/file_task_handler.py", line 211, in emit
    self.handler.emit(record)
  File "/usr/local/lib/python3.9/logging/__init__.py", line 1187, in emit
    StreamHandler.emit(self, record)
  File "/usr/local/lib/python3.9/logging/__init__.py", line 1091, in emit
    self.handleError(record)
  File "/usr/local/lib/python3.9/logging/__init__.py", line 1004, in handleError
    sys.stderr.write('--- Logging error ---\n')
  File "/home/airflow/.local/lib/python3.9/site-packages/airflow/utils/log/logging_mixin.py", line 161, in write
    self.flush()
  File "/home/airflow/.local/lib/python3.9/site-packages/airflow/utils/log/logging_mixin.py", line 168, in flush
    self._propagate_log(buf)
  File "/home/airflow/.local/lib/python3.9/site-packages/airflow/utils/log/logging_mixin.py", line 149, in _propagate_log
    self.logger.log(self.level, remove_escape_codes(message))
  File "/usr/local/lib/python3.9/logging/__init__.py", line 1512, in log
    self._log(level, msg, args, **kwargs)
  File "/usr/local/lib/python3.9/logging/__init__.py", line 1589, in _log
    self.handle(record)
  File "/usr/local/lib/python3.9/logging/__init__.py", line 1599, in handle
    self.callHandlers(record)
  File "/usr/local/lib/python3.9/logging/__init__.py", line 1661, in callHandlers
    hdlr.handle(record)
  File "/usr/local/lib/python3.9/logging/__init__.py", line 952, in handle
    self.emit(record)
  File "/home/airflow/.local/lib/python3.9/site-packages/airflow/utils/log/file_task_handler.py", line 211, in emit
    self.handler.emit(record)
  File "/usr/local/lib/python3.9/logging/__init__.py", line 1187, in emit
    StreamHandler.emit(self, record)
  File "/usr/local/lib/python3.9/logging/__init__.py", line 1091, in emit
    self.handleError(record)
  File "/usr/local/lib/python3.9/logging/__init__.py", line 1004, in handleError
    sys.stderr.write('--- Logging error ---\n')
  File "/home/airflow/.local/lib/python3.9/site-packages/airflow/utils/log/logging_mixin.py", line 161, in write
    self.flush()
  File "/home/airflow/.local/lib/python3.9/site-packages/airflow/utils/log/logging_mixin.py", line 168, in flush
    self._propagate_log(buf)
  File "/home/airflow/.local/lib/python3.9/site-packages/airflow/utils/log/logging_mixin.py", line 149, in _propagate_log
    self.logger.log(self.level, remove_escape_codes(message))
  File "/usr/local/lib/python3.9/logging/__init__.py", line 1512, in log
    self._log(level, msg, args, **kwargs)
  File "/usr/local/lib/python3.9/logging/__init__.py", line 1589, in _log
    self.handle(record)
  File "/usr/local/lib/python3.9/logging/__init__.py", line 1599, in handle
    self.callHandlers(record)
  File "/usr/local/lib/python3.9/logging/__init__.py", line 1661, in callHandlers
    hdlr.handle(record)
  File "/usr/local/lib/python3.9/logging/__init__.py", line 952, in handle
    self.emit(record)
  File "/home/airflow/.local/lib/python3.9/site-packages/airflow/utils/log/file_task_handler.py", line 211, in emit
    self.handler.emit(record)
  File "/usr/local/lib/python3.9/logging/__init__.py", line 1187, in emit
    StreamHandler.emit(self, record)
  File "/usr/local/lib/python3.9/logging/__init__.py", line 1091, in emit
    self.handleError(record)
  File "/usr/local/lib/python3.9/logging/__init__.py", line 1004, in handleError
    sys.stderr.write('--- Logging error ---\n')
  File "/home/airflow/.local/lib/python3.9/site-packages/airflow/utils/log/logging_mixin.py", line 161, in write
    self.flush()
  File "/home/airflow/.local/lib/python3.9/site-packages/airflow/utils/log/logging_mixin.py", line 168, in flush
    self._propagate_log(buf)
  File "/home/airflow/.local/lib/python3.9/site-packages/airflow/utils/log/logging_mixin.py", line 149, in _propagate_log
    self.logger.log(self.level, remove_escape_codes(message))
  File "/usr/local/lib/python3.9/logging/__init__.py", line 1512, in log
    self._log(level, msg, args, **kwargs)
  File "/usr/local/lib/python3.9/logging/__init__.py", line 1589, in _log
    self.handle(record)
  File "/usr/local/lib/python3.9/logging/__init__.py", line 1599, in handle
    self.callHandlers(record)
  File "/usr/local/lib/python3.9/logging/__init__.py", line 1661, in callHandlers
    hdlr.handle(record)
  File "/usr/local/lib/python3.9/logging/__init__.py", line 952, in handle
    self.emit(record)
  File "/home/airflow/.local/lib/python3.9/site-packages/airflow/utils/log/file_task_handler.py", line 211, in emit
    self.handler.emit(record)
  File "/usr/local/lib/python3.9/logging/__init__.py", line 1187, in emit
    StreamHandler.emit(self, record)
  File "/usr/local/lib/python3.9/logging/__init__.py", line 1091, in emit
    self.handleError(record)
  File "/usr/local/lib/python3.9/logging/__init__.py", line 1004, in handleError
    sys.stderr.write('--- Logging error ---\n')
  File "/home/airflow/.local/lib/python3.9/site-packages/airflow/utils/log/logging_mixin.py", line 161, in write
    self.flush()
  File "/home/airflow/.local/lib/python3.9/site-packages/airflow/utils/log/logging_mixin.py", line 168, in flush
    self._propagate_log(buf)
  File "/home/airflow/.local/lib/python3.9/site-packages/airflow/utils/log/logging_mixin.py", line 149, in _propagate_log
    self.logger.log(self.level, remove_escape_codes(message))
  File "/usr/local/lib/python3.9/logging/__init__.py", line 1512, in log
    self._log(level, msg, args, **kwargs)
  File "/usr/local/lib/python3.9/logging/__init__.py", line 1589, in _log
    self.handle(record)
  File "/usr/local/lib/python3.9/logging/__init__.py", line 1599, in handle
    self.callHandlers(record)
  File "/usr/local/lib/python3.9/logging/__init__.py", line 1661, in callHandlers
    hdlr.handle(record)
  File "/usr/local/lib/python3.9/logging/__init__.py", line 952, in handle
    self.emit(record)
  File "/home/airflow/.local/lib/python3.9/site-packages/airflow/utils/log/file_task_handler.py", line 211, in emit
    self.handler.emit(record)
  File "/usr/local/lib/python3.9/logging/__init__.py", line 1187, in emit
    StreamHandler.emit(self, record)
  File "/usr/local/lib/python3.9/logging/__init__.py", line 1091, in emit
    self.handleError(record)
  File "/usr/local/lib/python3.9/logging/__init__.py", line 1004, in handleError
    sys.stderr.write('--- Logging error ---\n')
  File "/home/airflow/.local/lib/python3.9/site-packages/airflow/utils/log/logging_mixin.py", line 161, in write
    self.flush()
  File "/home/airflow/.local/lib/python3.9/site-packages/airflow/utils/log/logging_mixin.py", line 168, in flush
    self._propagate_log(buf)
  File "/home/airflow/.local/lib/python3.9/site-packages/airflow/utils/log/logging_mixin.py", line 149, in _propagate_log
    self.logger.log(self.level, remove_escape_codes(message))
  File "/usr/local/lib/python3.9/logging/__init__.py", line 1512, in log
    self._log(level, msg, args, **kwargs)
  File "/usr/local/lib/python3.9/logging/__init__.py", line 1589, in _log
    self.handle(record)
  File "/usr/local/lib/python3.9/logging/__init__.py", line 1599, in handle
    self.callHandlers(record)
  File "/usr/local/lib/python3.9/logging/__init__.py", line 1661, in callHandlers
    hdlr.handle(record)
  File "/usr/local/lib/python3.9/logging/__init__.py", line 952, in handle
    self.emit(record)
  File "/home/airflow/.local/lib/python3.9/site-packages/airflow/utils/log/file_task_handler.py", line 211, in emit
    self.handler.emit(record)
  File "/usr/local/lib/python3.9/logging/__init__.py", line 1187, in emit
    StreamHandler.emit(self, record)
  File "/usr/local/lib/python3.9/logging/__init__.py", line 1091, in emit
    self.handleError(record)
  File "/usr/local/lib/python3.9/logging/__init__.py", line 1004, in handleError
    sys.stderr.write('--- Logging error ---\n')
  File "/home/airflow/.local/lib/python3.9/site-packages/airflow/utils/log/logging_mixin.py", line 161, in write
    self.flush()
  File "/home/airflow/.local/lib/python3.9/site-packages/airflow/utils/log/logging_mixin.py", line 168, in flush
    self._propagate_log(buf)
  File "/home/airflow/.local/lib/python3.9/site-packages/airflow/utils/log/logging_mixin.py", line 149, in _propagate_log
    self.logger.log(self.level, remove_escape_codes(message))
  File "/usr/local/lib/python3.9/logging/__init__.py", line 1512, in log
    self._log(level, msg, args, **kwargs)
  File "/usr/local/lib/python3.9/logging/__init__.py", line 1589, in _log
    self.handle(record)
  File "/usr/local/lib/python3.9/logging/__init__.py", line 1599, in handle
    self.callHandlers(record)
  File "/usr/local/lib/python3.9/logging/__init__.py", line 1661, in callHandlers
    hdlr.handle(record)
  File "/usr/local/lib/python3.9/logging/__init__.py", line 952, in handle
    self.emit(record)
  File "/home/airflow/.local/lib/python3.9/site-packages/airflow/utils/log/file_task_handler.py", line 211, in emit
    self.handler.emit(record)
  File "/usr/local/lib/python3.9/logging/__init__.py", line 1187, in emit
    StreamHandler.emit(self, record)
  File "/usr/local/lib/python3.9/logging/__init__.py", line 1091, in emit
    self.handleError(record)
  File "/usr/local/lib/python3.9/logging/__init__.py", line 1004, in handleError
    sys.stderr.write('--- Logging error ---\n')
  File "/home/airflow/.local/lib/python3.9/site-packages/airflow/utils/log/logging_mixin.py", line 161, in write
    self.flush()
  File "/home/airflow/.local/lib/python3.9/site-packages/airflow/utils/log/logging_mixin.py", line 168, in flush
    self._propagate_log(buf)
  File "/home/airflow/.local/lib/python3.9/site-packages/airflow/utils/log/logging_mixin.py", line 149, in _propagate_log
    self.logger.log(self.level, remove_escape_codes(message))
  File "/usr/local/lib/python3.9/logging/__init__.py", line 1512, in log
    self._log(level, msg, args, **kwargs)
  File "/usr/local/lib/python3.9/logging/__init__.py", line 1589, in _log
    self.handle(record)
  File "/usr/local/lib/python3.9/logging/__init__.py", line 1599, in handle
    self.callHandlers(record)
  File "/usr/local/lib/python3.9/logging/__init__.py", line 1661, in callHandlers
    hdlr.handle(record)
  File "/usr/local/lib/python3.9/logging/__init__.py", line 952, in handle
    self.emit(record)
  File "/home/airflow/.local/lib/python3.9/site-packages/airflow/utils/log/file_task_handler.py", line 211, in emit
    self.handler.emit(record)
  File "/usr/local/lib/python3.9/logging/__init__.py", line 1187, in emit
    StreamHandler.emit(self, record)
  File "/usr/local/lib/python3.9/logging/__init__.py", line 1091, in emit
    self.handleError(record)
  File "/usr/local/lib/python3.9/logging/__init__.py", line 1004, in handleError
    sys.stderr.write('--- Logging error ---\n')
  File "/home/airflow/.local/lib/python3.9/site-packages/airflow/utils/log/logging_mixin.py", line 161, in write
    self.flush()
  File "/home/airflow/.local/lib/python3.9/site-packages/airflow/utils/log/logging_mixin.py", line 168, in flush
    self._propagate_log(buf)
  File "/home/airflow/.local/lib/python3.9/site-packages/airflow/utils/log/logging_mixin.py", line 149, in _propagate_log
    self.logger.log(self.level, remove_escape_codes(message))
  File "/usr/local/lib/python3.9/logging/__init__.py", line 1512, in log
    self._log(level, msg, args, **kwargs)
  File "/usr/local/lib/python3.9/logging/__init__.py", line 1589, in _log
    self.handle(record)
  File "/usr/local/lib/python3.9/logging/__init__.py", line 1599, in handle
    self.callHandlers(record)
  File "/usr/local/lib/python3.9/logging/__init__.py", line 1661, in callHandlers
    hdlr.handle(record)
  File "/usr/local/lib/python3.9/logging/__init__.py", line 952, in handle
    self.emit(record)
  File "/home/airflow/.local/lib/python3.9/site-packages/airflow/utils/log/file_task_handler.py", line 211, in emit
    self.handler.emit(record)
  File "/usr/local/lib/python3.9/logging/__init__.py", line 1187, in emit
    StreamHandler.emit(self, record)
  File "/usr/local/lib/python3.9/logging/__init__.py", line 1091, in emit
    self.handleError(record)
  File "/usr/local/lib/python3.9/logging/__init__.py", line 1004, in handleError
    sys.stderr.write('--- Logging error ---\n')
  File "/home/airflow/.local/lib/python3.9/site-packages/airflow/utils/log/logging_mixin.py", line 161, in write
    self.flush()
  File "/home/airflow/.local/lib/python3.9/site-packages/airflow/utils/log/logging_mixin.py", line 168, in flush
    self._propagate_log(buf)
  File "/home/airflow/.local/lib/python3.9/site-packages/airflow/utils/log/logging_mixin.py", line 149, in _propagate_log
    self.logger.log(self.level, remove_escape_codes(message))
  File "/usr/local/lib/python3.9/logging/__init__.py", line 1512, in log
    self._log(level, msg, args, **kwargs)
  File "/usr/local/lib/python3.9/logging/__init__.py", line 1589, in _log
    self.handle(record)
  File "/usr/local/lib/python3.9/logging/__init__.py", line 1599, in handle
    self.callHandlers(record)
  File "/usr/local/lib/python3.9/logging/__init__.py", line 1661, in callHandlers
    hdlr.handle(record)
  File "/usr/local/lib/python3.9/logging/__init__.py", line 952, in handle
    self.emit(record)
  File "/home/airflow/.local/lib/python3.9/site-packages/airflow/utils/log/file_task_handler.py", line 211, in emit
    self.handler.emit(record)
  File "/usr/local/lib/python3.9/logging/__init__.py", line 1187, in emit
    StreamHandler.emit(self, record)
  File "/usr/local/lib/python3.9/logging/__init__.py", line 1091, in emit
    self.handleError(record)
  File "/usr/local/lib/python3.9/logging/__init__.py", line 1004, in handleError
    sys.stderr.write('--- Logging error ---\n')
  File "/home/airflow/.local/lib/python3.9/site-packages/airflow/utils/log/logging_mixin.py", line 161, in write
    self.flush()
  File "/home/airflow/.local/lib/python3.9/site-packages/airflow/utils/log/logging_mixin.py", line 168, in flush
    self._propagate_log(buf)
  File "/home/airflow/.local/lib/python3.9/site-packages/airflow/utils/log/logging_mixin.py", line 149, in _propagate_log
    self.logger.log(self.level, remove_escape_codes(message))
  File "/usr/local/lib/python3.9/logging/__init__.py", line 1512, in log
    self._log(level, msg, args, **kwargs)
  File "/usr/local/lib/python3.9/logging/__init__.py", line 1589, in _log
    self.handle(record)
  File "/usr/local/lib/python3.9/logging/__init__.py", line 1599, in handle
    self.callHandlers(record)
  File "/usr/local/lib/python3.9/logging/__init__.py", line 1661, in callHandlers
    hdlr.handle(record)
  File "/usr/local/lib/python3.9/logging/__init__.py", line 952, in handle
    self.emit(record)
  File "/home/airflow/.local/lib/python3.9/site-packages/airflow/utils/log/file_task_handler.py", line 211, in emit
    self.handler.emit(record)
  File "/usr/local/lib/python3.9/logging/__init__.py", line 1187, in emit
    StreamHandler.emit(self, record)
  File "/usr/local/lib/python3.9/logging/__init__.py", line 1083, in emit
    msg = self.format(record)
  File "/usr/local/lib/python3.9/logging/__init__.py", line 927, in format
    return fmt.format(record)
RecursionError: maximum recursion depth exceeded
[2023-09-22T16:52:46.701+0000] {taskinstance.py:1368} INFO - Marking task as UP_FOR_RETRY. dag_id=dag_with_taskflow_api_v02, task_id=greet, execution_date=20211117T000000, start_date=20230922T165240, end_date=20230922T165246
[2023-09-22T16:52:46.721+0000] {standard_task_runner.py:104} ERROR - Failed to execute job 168 for task greet (maximum recursion depth exceeded; 618)
[2023-09-22T16:52:46.780+0000] {process_utils.py:79} INFO - Process psutil.Process(pid=618, status='terminated', exitcode=1, started='16:52:39') (618) terminated with exit code 1
[2023-09-22T16:52:46.796+0000] {local_task_job_runner.py:232} INFO - Task exited with return code 143
[2023-09-22T16:52:47.770+0000] {taskinstance.py:2674} INFO - 0 downstream tasks scheduled from follow-on schedule check
